============================================================
AEGIS THREAT INTELLIGENCE LATAM - SISTEMA REAL
   Desarrollado por: Elisa Elias
   AEGIS Security Consulting
   Version: 3.0.0 - PRODUCCIÓN
============================================================
2025-07-22 03:32:26,534 - __main__ - INFO - Iniciando AEGIS Threat Intelligence System...
2025-07-22 03:32:26,537 - pymongo.topology - DEBUG - {"message": "Starting topology monitoring", "topologyId": {"$oid": "687f064a701b317ae32757aa"}}
2025-07-22 03:32:26,537 - pymongo.topology - DEBUG - {"message": "Topology description changed", "topologyId": {"$oid": "687f064a701b317ae32757aa"}, "previousDescription": "<TopologyDescription id: 687f064a701b317ae32757aa, topology_type: Unknown, servers: []>", "newDescription": "<TopologyDescription id: 687f064a701b317ae32757aa, topology_type: Unknown, servers: [<ServerDescription ('localhost', 27017) server_type: Unknown, rtt: None>]>"}
2025-07-22 03:32:26,537 - pymongo.topology - DEBUG - {"message": "Starting server monitoring", "topologyId": {"$oid": "687f064a701b317ae32757aa"}, "serverHost": "localhost", "serverPort": 27017}
2025-07-22 03:32:26,537 - pymongo.connection - DEBUG - {"message": "Connection pool created", "clientId": {"$oid": "687f064a701b317ae32757aa"}, "serverHost": "localhost", "serverPort": 27017}
2025-07-22 03:32:26,538 - pymongo.serverSelection - DEBUG - {"message": "Server selection started", "selector": "Primary()", "operation": "buildinfo", "topologyDescription": "<TopologyDescription id: 687f064a701b317ae32757aa, topology_type: Unknown, servers: [<ServerDescription ('localhost', 27017) server_type: Unknown, rtt: None>]>", "clientId": {"$oid": "687f064a701b317ae32757aa"}}
2025-07-22 03:32:26,538 - pymongo.serverSelection - DEBUG - {"message": "Waiting for suitable server to become available", "selector": "Primary()", "operation": "buildinfo", "topologyDescription": "<TopologyDescription id: 687f064a701b317ae32757aa, topology_type: Unknown, servers: [<ServerDescription ('localhost', 27017) server_type: Unknown, rtt: None>]>", "clientId": {"$oid": "687f064a701b317ae32757aa"}, "remainingTimeMS": 4999}
2025-07-22 03:32:26,539 - pymongo.topology - DEBUG - {"message": "Server heartbeat failed", "topologyId": {"$oid": "687f064a701b317ae32757aa"}, "serverHost": "localhost", "serverPort": 27017, "awaited": false, "durationMS": 0.9070379892364144, "failure": "\"AutoReconnect('localhost:27017: [Errno 111] Connection refused (configured timeouts: socketTimeoutMS: 20000.0ms, connectTimeoutMS: 20000.0ms)')\""}
2025-07-22 03:32:26,539 - pymongo.topology - DEBUG - {"message": "Topology description changed", "topologyId": {"$oid": "687f064a701b317ae32757aa"}, "previousDescription": "<TopologyDescription id: 687f064a701b317ae32757aa, topology_type: Unknown, servers: [<ServerDescription ('localhost', 27017) server_type: Unknown, rtt: None>]>", "newDescription": "<TopologyDescription id: 687f064a701b317ae32757aa, topology_type: Unknown, servers: [<ServerDescription ('localhost', 27017) server_type: Unknown, rtt: None, error=AutoReconnect('localhost:27017: [Errno 111] Connection refused (configured timeouts: socketTimeoutMS: 20000.0ms, connectTimeoutMS: 20000.0ms)')>]>"}
2025-07-22 03:32:27,040 - pymongo.topology - DEBUG - {"message": "Server heartbeat failed", "topologyId": {"$oid": "687f064a701b317ae32757aa"}, "serverHost": "localhost", "serverPort": 27017, "awaited": false, "durationMS": 0.6161769852042198, "failure": "\"AutoReconnect('localhost:27017: [Errno 111] Connection refused (configured timeouts: socketTimeoutMS: 20000.0ms, connectTimeoutMS: 20000.0ms)')\""}
2025-07-22 03:32:27,040 - pymongo.topology - DEBUG - {"message": "Topology description changed", "topologyId": {"$oid": "687f064a701b317ae32757aa"}, "previousDescription": "<TopologyDescription id: 687f064a701b317ae32757aa, topology_type: Unknown, servers: [<ServerDescription ('localhost', 27017) server_type: Unknown, rtt: None, error=AutoReconnect('localhost:27017: [Errno 111] Connection refused (configured timeouts: socketTimeoutMS: 20000.0ms, connectTimeoutMS: 20000.0ms)')>]>", "newDescription": "<TopologyDescription id: 687f064a701b317ae32757aa, topology_type: Unknown, servers: [<ServerDescription ('localhost', 27017) server_type: Unknown, rtt: None, error=AutoReconnect('localhost:27017: [Errno 111] Connection refused (configured timeouts: socketTimeoutMS: 20000.0ms, connectTimeoutMS: 20000.0ms)')>]>"}
2025-07-22 03:32:27,541 - pymongo.topology - DEBUG - {"message": "Server heartbeat failed", "topologyId": {"$oid": "687f064a701b317ae32757aa"}, "serverHost": "localhost", "serverPort": 27017, "awaited": false, "durationMS": 0.23591797798871994, "failure": "\"AutoReconnect('localhost:27017: [Errno 111] Connection refused (configured timeouts: socketTimeoutMS: 20000.0ms, connectTimeoutMS: 20000.0ms)')\""}
2025-07-22 03:32:27,541 - pymongo.topology - DEBUG - {"message": "Topology description changed", "topologyId": {"$oid": "687f064a701b317ae32757aa"}, "previousDescription": "<TopologyDescription id: 687f064a701b317ae32757aa, topology_type: Unknown, servers: [<ServerDescription ('localhost', 27017) server_type: Unknown, rtt: None, error=AutoReconnect('localhost:27017: [Errno 111] Connection refused (configured timeouts: socketTimeoutMS: 20000.0ms, connectTimeoutMS: 20000.0ms)')>]>", "newDescription": "<TopologyDescription id: 687f064a701b317ae32757aa, topology_type: Unknown, servers: [<ServerDescription ('localhost', 27017) server_type: Unknown, rtt: None, error=AutoReconnect('localhost:27017: [Errno 111] Connection refused (configured timeouts: socketTimeoutMS: 20000.0ms, connectTimeoutMS: 20000.0ms)')>]>"}
2025-07-22 03:32:28,041 - pymongo.topology - DEBUG - {"message": "Server heartbeat failed", "topologyId": {"$oid": "687f064a701b317ae32757aa"}, "serverHost": "localhost", "serverPort": 27017, "awaited": false, "durationMS": 0.2665589563548565, "failure": "\"AutoReconnect('localhost:27017: [Errno 111] Connection refused (configured timeouts: socketTimeoutMS: 20000.0ms, connectTimeoutMS: 20000.0ms)')\""}
2025-07-22 03:32:28,041 - pymongo.topology - DEBUG - {"message": "Topology description changed", "topologyId": {"$oid": "687f064a701b317ae32757aa"}, "previousDescription": "<TopologyDescription id: 687f064a701b317ae32757aa, topology_type: Unknown, servers: [<ServerDescription ('localhost', 27017) server_type: Unknown, rtt: None, error=AutoReconnect('localhost:27017: [Errno 111] Connection refused (configured timeouts: socketTimeoutMS: 20000.0ms, connectTimeoutMS: 20000.0ms)')>]>", "newDescription": "<TopologyDescription id: 687f064a701b317ae32757aa, topology_type: Unknown, servers: [<ServerDescription ('localhost', 27017) server_type: Unknown, rtt: None, error=AutoReconnect('localhost:27017: [Errno 111] Connection refused (configured timeouts: socketTimeoutMS: 20000.0ms, connectTimeoutMS: 20000.0ms)')>]>"}
2025-07-22 03:32:28,542 - pymongo.topology - DEBUG - {"message": "Server heartbeat failed", "topologyId": {"$oid": "687f064a701b317ae32757aa"}, "serverHost": "localhost", "serverPort": 27017, "awaited": false, "durationMS": 0.2563230227679014, "failure": "\"AutoReconnect('localhost:27017: [Errno 111] Connection refused (configured timeouts: socketTimeoutMS: 20000.0ms, connectTimeoutMS: 20000.0ms)')\""}
2025-07-22 03:32:28,542 - pymongo.topology - DEBUG - {"message": "Topology description changed", "topologyId": {"$oid": "687f064a701b317ae32757aa"}, "previousDescription": "<TopologyDescription id: 687f064a701b317ae32757aa, topology_type: Unknown, servers: [<ServerDescription ('localhost', 27017) server_type: Unknown, rtt: None, error=AutoReconnect('localhost:27017: [Errno 111] Connection refused (configured timeouts: socketTimeoutMS: 20000.0ms, connectTimeoutMS: 20000.0ms)')>]>", "newDescription": "<TopologyDescription id: 687f064a701b317ae32757aa, topology_type: Unknown, servers: [<ServerDescription ('localhost', 27017) server_type: Unknown, rtt: None, error=AutoReconnect('localhost:27017: [Errno 111] Connection refused (configured timeouts: socketTimeoutMS: 20000.0ms, connectTimeoutMS: 20000.0ms)')>]>"}
2025-07-22 03:32:29,043 - pymongo.topology - DEBUG - {"message": "Server heartbeat failed", "topologyId": {"$oid": "687f064a701b317ae32757aa"}, "serverHost": "localhost", "serverPort": 27017, "awaited": false, "durationMS": 0.26622501900419593, "failure": "\"AutoReconnect('localhost:27017: [Errno 111] Connection refused (configured timeouts: socketTimeoutMS: 20000.0ms, connectTimeoutMS: 20000.0ms)')\""}
2025-07-22 03:32:29,043 - pymongo.topology - DEBUG - {"message": "Topology description changed", "topologyId": {"$oid": "687f064a701b317ae32757aa"}, "previousDescription": "<TopologyDescription id: 687f064a701b317ae32757aa, topology_type: Unknown, servers: [<ServerDescription ('localhost', 27017) server_type: Unknown, rtt: None, error=AutoReconnect('localhost:27017: [Errno 111] Connection refused (configured timeouts: socketTimeoutMS: 20000.0ms, connectTimeoutMS: 20000.0ms)')>]>", "newDescription": "<TopologyDescription id: 687f064a701b317ae32757aa, topology_type: Unknown, servers: [<ServerDescription ('localhost', 27017) server_type: Unknown, rtt: None, error=AutoReconnect('localhost:27017: [Errno 111] Connection refused (configured timeouts: socketTimeoutMS: 20000.0ms, connectTimeoutMS: 20000.0ms)')>]>"}
2025-07-22 03:32:29,543 - pymongo.topology - DEBUG - {"message": "Server heartbeat failed", "topologyId": {"$oid": "687f064a701b317ae32757aa"}, "serverHost": "localhost", "serverPort": 27017, "awaited": false, "durationMS": 0.22850401001051068, "failure": "\"AutoReconnect('localhost:27017: [Errno 111] Connection refused (configured timeouts: socketTimeoutMS: 20000.0ms, connectTimeoutMS: 20000.0ms)')\""}
2025-07-22 03:32:29,543 - pymongo.topology - DEBUG - {"message": "Topology description changed", "topologyId": {"$oid": "687f064a701b317ae32757aa"}, "previousDescription": "<TopologyDescription id: 687f064a701b317ae32757aa, topology_type: Unknown, servers: [<ServerDescription ('localhost', 27017) server_type: Unknown, rtt: None, error=AutoReconnect('localhost:27017: [Errno 111] Connection refused (configured timeouts: socketTimeoutMS: 20000.0ms, connectTimeoutMS: 20000.0ms)')>]>", "newDescription": "<TopologyDescription id: 687f064a701b317ae32757aa, topology_type: Unknown, servers: [<ServerDescription ('localhost', 27017) server_type: Unknown, rtt: None, error=AutoReconnect('localhost:27017: [Errno 111] Connection refused (configured timeouts: socketTimeoutMS: 20000.0ms, connectTimeoutMS: 20000.0ms)')>]>"}
2025-07-22 03:32:30,044 - pymongo.topology - DEBUG - {"message": "Server heartbeat failed", "topologyId": {"$oid": "687f064a701b317ae32757aa"}, "serverHost": "localhost", "serverPort": 27017, "awaited": false, "durationMS": 0.23617700207978487, "failure": "\"AutoReconnect('localhost:27017: [Errno 111] Connection refused (configured timeouts: socketTimeoutMS: 20000.0ms, connectTimeoutMS: 20000.0ms)')\""}
2025-07-22 03:32:30,044 - pymongo.topology - DEBUG - {"message": "Topology description changed", "topologyId": {"$oid": "687f064a701b317ae32757aa"}, "previousDescription": "<TopologyDescription id: 687f064a701b317ae32757aa, topology_type: Unknown, servers: [<ServerDescription ('localhost', 27017) server_type: Unknown, rtt: None, error=AutoReconnect('localhost:27017: [Errno 111] Connection refused (configured timeouts: socketTimeoutMS: 20000.0ms, connectTimeoutMS: 20000.0ms)')>]>", "newDescription": "<TopologyDescription id: 687f064a701b317ae32757aa, topology_type: Unknown, servers: [<ServerDescription ('localhost', 27017) server_type: Unknown, rtt: None, error=AutoReconnect('localhost:27017: [Errno 111] Connection refused (configured timeouts: socketTimeoutMS: 20000.0ms, connectTimeoutMS: 20000.0ms)')>]>"}
2025-07-22 03:32:30,544 - pymongo.topology - DEBUG - {"message": "Server heartbeat failed", "topologyId": {"$oid": "687f064a701b317ae32757aa"}, "serverHost": "localhost", "serverPort": 27017, "awaited": false, "durationMS": 0.2549329656176269, "failure": "\"AutoReconnect('localhost:27017: [Errno 111] Connection refused (configured timeouts: socketTimeoutMS: 20000.0ms, connectTimeoutMS: 20000.0ms)')\""}
2025-07-22 03:32:30,545 - pymongo.topology - DEBUG - {"message": "Topology description changed", "topologyId": {"$oid": "687f064a701b317ae32757aa"}, "previousDescription": "<TopologyDescription id: 687f064a701b317ae32757aa, topology_type: Unknown, servers: [<ServerDescription ('localhost', 27017) server_type: Unknown, rtt: None, error=AutoReconnect('localhost:27017: [Errno 111] Connection refused (configured timeouts: socketTimeoutMS: 20000.0ms, connectTimeoutMS: 20000.0ms)')>]>", "newDescription": "<TopologyDescription id: 687f064a701b317ae32757aa, topology_type: Unknown, servers: [<ServerDescription ('localhost', 27017) server_type: Unknown, rtt: None, error=AutoReconnect('localhost:27017: [Errno 111] Connection refused (configured timeouts: socketTimeoutMS: 20000.0ms, connectTimeoutMS: 20000.0ms)')>]>"}
2025-07-22 03:32:31,045 - pymongo.topology - DEBUG - {"message": "Server heartbeat failed", "topologyId": {"$oid": "687f064a701b317ae32757aa"}, "serverHost": "localhost", "serverPort": 27017, "awaited": false, "durationMS": 0.30540901934728026, "failure": "\"AutoReconnect('localhost:27017: [Errno 111] Connection refused (configured timeouts: socketTimeoutMS: 20000.0ms, connectTimeoutMS: 20000.0ms)')\""}
2025-07-22 03:32:31,045 - pymongo.topology - DEBUG - {"message": "Topology description changed", "topologyId": {"$oid": "687f064a701b317ae32757aa"}, "previousDescription": "<TopologyDescription id: 687f064a701b317ae32757aa, topology_type: Unknown, servers: [<ServerDescription ('localhost', 27017) server_type: Unknown, rtt: None, error=AutoReconnect('localhost:27017: [Errno 111] Connection refused (configured timeouts: socketTimeoutMS: 20000.0ms, connectTimeoutMS: 20000.0ms)')>]>", "newDescription": "<TopologyDescription id: 687f064a701b317ae32757aa, topology_type: Unknown, servers: [<ServerDescription ('localhost', 27017) server_type: Unknown, rtt: None, error=AutoReconnect('localhost:27017: [Errno 111] Connection refused (configured timeouts: socketTimeoutMS: 20000.0ms, connectTimeoutMS: 20000.0ms)')>]>"}
2025-07-22 03:32:31,546 - pymongo.serverSelection - DEBUG - {"message": "Server selection failed", "selector": "Primary()", "operation": "buildinfo", "topologyDescription": "<TopologyDescription id: 687f064a701b317ae32757aa, topology_type: Unknown, servers: [<ServerDescription ('localhost', 27017) server_type: Unknown, rtt: None, error=AutoReconnect('localhost:27017: [Errno 111] Connection refused (configured timeouts: socketTimeoutMS: 20000.0ms, connectTimeoutMS: 20000.0ms)')>]>", "clientId": {"$oid": "687f064a701b317ae32757aa"}, "failure": "\"localhost:27017: [Errno 111] Connection refused (configured timeouts: socketTimeoutMS: 20000.0ms, connectTimeoutMS: 20000.0ms)\""}
2025-07-22 03:32:31,546 - __main__ - WARNING - MongoDB no disponible: localhost:27017: [Errno 111] Connection refused (configured timeouts: socketTimeoutMS: 20000.0ms, connectTimeoutMS: 20000.0ms), Timeout: 5.0s, Topology Description: <TopologyDescription id: 687f064a701b317ae32757aa, topology_type: Unknown, servers: [<ServerDescription ('localhost', 27017) server_type: Unknown, rtt: None, error=AutoReconnect('localhost:27017: [Errno 111] Connection refused (configured timeouts: socketTimeoutMS: 20000.0ms, connectTimeoutMS: 20000.0ms)')>]>. Usando almacenamiento en memoria.
2025-07-22 03:32:31,546 - __main__ - INFO - Sistema profesional de Threat Intelligence inicializado
2025-07-22 03:32:31,549 - pymongo.topology - DEBUG - {"message": "Starting topology monitoring", "topologyId": {"$oid": "687f064f701b317ae32757ab"}}
2025-07-22 03:32:31,549 - pymongo.topology - DEBUG - {"message": "Topology description changed", "topologyId": {"$oid": "687f064f701b317ae32757ab"}, "previousDescription": "<TopologyDescription id: 687f064f701b317ae32757ab, topology_type: Unknown, servers: []>", "newDescription": "<TopologyDescription id: 687f064f701b317ae32757ab, topology_type: Unknown, servers: [<ServerDescription ('localhost', 27017) server_type: Unknown, rtt: None>]>"}
2025-07-22 03:32:31,549 - pymongo.topology - DEBUG - {"message": "Starting server monitoring", "topologyId": {"$oid": "687f064f701b317ae32757ab"}, "serverHost": "localhost", "serverPort": 27017}
2025-07-22 03:32:31,549 - pymongo.topology - DEBUG - {"message": "Server heartbeat failed", "topologyId": {"$oid": "687f064a701b317ae32757aa"}, "serverHost": "localhost", "serverPort": 27017, "awaited": false, "durationMS": 3.7540740449912846, "failure": "\"AutoReconnect('localhost:27017: [Errno 111] Connection refused (configured timeouts: socketTimeoutMS: 20000.0ms, connectTimeoutMS: 20000.0ms)')\""}
2025-07-22 03:32:31,550 - pymongo.connection - DEBUG - {"message": "Connection pool created", "clientId": {"$oid": "687f064f701b317ae32757ab"}, "serverHost": "localhost", "serverPort": 27017}
2025-07-22 03:32:31,550 - pymongo.topology - DEBUG - {"message": "Topology description changed", "topologyId": {"$oid": "687f064a701b317ae32757aa"}, "previousDescription": "<TopologyDescription id: 687f064a701b317ae32757aa, topology_type: Unknown, servers: [<ServerDescription ('localhost', 27017) server_type: Unknown, rtt: None, error=AutoReconnect('localhost:27017: [Errno 111] Connection refused (configured timeouts: socketTimeoutMS: 20000.0ms, connectTimeoutMS: 20000.0ms)')>]>", "newDescription": "<TopologyDescription id: 687f064a701b317ae32757aa, topology_type: Unknown, servers: [<ServerDescription ('localhost', 27017) server_type: Unknown, rtt: None, error=AutoReconnect('localhost:27017: [Errno 111] Connection refused (configured timeouts: socketTimeoutMS: 20000.0ms, connectTimeoutMS: 20000.0ms)')>]>"}
2025-07-22 03:32:31,551 - pymongo.topology - DEBUG - {"message": "Server heartbeat failed", "topologyId": {"$oid": "687f064f701b317ae32757ab"}, "serverHost": "localhost", "serverPort": 27017, "awaited": false, "durationMS": 0.26686600176617503, "failure": "\"AutoReconnect('localhost:27017: [Errno 111] Connection refused (configured timeouts: socketTimeoutMS: 20000.0ms, connectTimeoutMS: 20000.0ms)')\""}
2025-07-22 03:32:31,551 - pymongo.serverSelection - DEBUG - {"message": "Server selection started", "selector": "Primary()", "operation": "buildinfo", "topologyDescription": "<TopologyDescription id: 687f064f701b317ae32757ab, topology_type: Unknown, servers: [<ServerDescription ('localhost', 27017) server_type: Unknown, rtt: None>]>", "clientId": {"$oid": "687f064f701b317ae32757ab"}}
2025-07-22 03:32:31,552 - pymongo.serverSelection - DEBUG - {"message": "Waiting for suitable server to become available", "selector": "Primary()", "operation": "buildinfo", "topologyDescription": "<TopologyDescription id: 687f064f701b317ae32757ab, topology_type: Unknown, servers: [<ServerDescription ('localhost', 27017) server_type: Unknown, rtt: None>]>", "clientId": {"$oid": "687f064f701b317ae32757ab"}, "remainingTimeMS": 4999}
2025-07-22 03:32:31,552 - pymongo.topology - DEBUG - {"message": "Topology description changed", "topologyId": {"$oid": "687f064f701b317ae32757ab"}, "previousDescription": "<TopologyDescription id: 687f064f701b317ae32757ab, topology_type: Unknown, servers: [<ServerDescription ('localhost', 27017) server_type: Unknown, rtt: None>]>", "newDescription": "<TopologyDescription id: 687f064f701b317ae32757ab, topology_type: Unknown, servers: [<ServerDescription ('localhost', 27017) server_type: Unknown, rtt: None, error=AutoReconnect('localhost:27017: [Errno 111] Connection refused (configured timeouts: socketTimeoutMS: 20000.0ms, connectTimeoutMS: 20000.0ms)')>]>"}
2025-07-22 03:32:32,053 - pymongo.topology - DEBUG - {"message": "Server heartbeat failed", "topologyId": {"$oid": "687f064f701b317ae32757ab"}, "serverHost": "localhost", "serverPort": 27017, "awaited": false, "durationMS": 0.22904196521267295, "failure": "\"AutoReconnect('localhost:27017: [Errno 111] Connection refused (configured timeouts: socketTimeoutMS: 20000.0ms, connectTimeoutMS: 20000.0ms)')\""}
2025-07-22 03:32:32,053 - pymongo.topology - DEBUG - {"message": "Topology description changed", "topologyId": {"$oid": "687f064f701b317ae32757ab"}, "previousDescription": "<TopologyDescription id: 687f064f701b317ae32757ab, topology_type: Unknown, servers: [<ServerDescription ('localhost', 27017) server_type: Unknown, rtt: None, error=AutoReconnect('localhost:27017: [Errno 111] Connection refused (configured timeouts: socketTimeoutMS: 20000.0ms, connectTimeoutMS: 20000.0ms)')>]>", "newDescription": "<TopologyDescription id: 687f064f701b317ae32757ab, topology_type: Unknown, servers: [<ServerDescription ('localhost', 27017) server_type: Unknown, rtt: None, error=AutoReconnect('localhost:27017: [Errno 111] Connection refused (configured timeouts: socketTimeoutMS: 20000.0ms, connectTimeoutMS: 20000.0ms)')>]>"}
2025-07-22 03:32:32,554 - pymongo.topology - DEBUG - {"message": "Server heartbeat failed", "topologyId": {"$oid": "687f064f701b317ae32757ab"}, "serverHost": "localhost", "serverPort": 27017, "awaited": false, "durationMS": 0.3029939834959805, "failure": "\"AutoReconnect('localhost:27017: [Errno 111] Connection refused (configured timeouts: socketTimeoutMS: 20000.0ms, connectTimeoutMS: 20000.0ms)')\""}
2025-07-22 03:32:32,554 - pymongo.topology - DEBUG - {"message": "Topology description changed", "topologyId": {"$oid": "687f064f701b317ae32757ab"}, "previousDescription": "<TopologyDescription id: 687f064f701b317ae32757ab, topology_type: Unknown, servers: [<ServerDescription ('localhost', 27017) server_type: Unknown, rtt: None, error=AutoReconnect('localhost:27017: [Errno 111] Connection refused (configured timeouts: socketTimeoutMS: 20000.0ms, connectTimeoutMS: 20000.0ms)')>]>", "newDescription": "<TopologyDescription id: 687f064f701b317ae32757ab, topology_type: Unknown, servers: [<ServerDescription ('localhost', 27017) server_type: Unknown, rtt: None, error=AutoReconnect('localhost:27017: [Errno 111] Connection refused (configured timeouts: socketTimeoutMS: 20000.0ms, connectTimeoutMS: 20000.0ms)')>]>"}
2025-07-22 03:32:33,054 - pymongo.topology - DEBUG - {"message": "Server heartbeat failed", "topologyId": {"$oid": "687f064f701b317ae32757ab"}, "serverHost": "localhost", "serverPort": 27017, "awaited": false, "durationMS": 0.2162469900213182, "failure": "\"AutoReconnect('localhost:27017: [Errno 111] Connection refused (configured timeouts: socketTimeoutMS: 20000.0ms, connectTimeoutMS: 20000.0ms)')\""}
2025-07-22 03:32:33,054 - pymongo.topology - DEBUG - {"message": "Topology description changed", "topologyId": {"$oid": "687f064f701b317ae32757ab"}, "previousDescription": "<TopologyDescription id: 687f064f701b317ae32757ab, topology_type: Unknown, servers: [<ServerDescription ('localhost', 27017) server_type: Unknown, rtt: None, error=AutoReconnect('localhost:27017: [Errno 111] Connection refused (configured timeouts: socketTimeoutMS: 20000.0ms, connectTimeoutMS: 20000.0ms)')>]>", "newDescription": "<TopologyDescription id: 687f064f701b317ae32757ab, topology_type: Unknown, servers: [<ServerDescription ('localhost', 27017) server_type: Unknown, rtt: None, error=AutoReconnect('localhost:27017: [Errno 111] Connection refused (configured timeouts: socketTimeoutMS: 20000.0ms, connectTimeoutMS: 20000.0ms)')>]>"}
2025-07-22 03:32:33,555 - pymongo.topology - DEBUG - {"message": "Server heartbeat failed", "topologyId": {"$oid": "687f064f701b317ae32757ab"}, "serverHost": "localhost", "serverPort": 27017, "awaited": false, "durationMS": 0.23554899962618947, "failure": "\"AutoReconnect('localhost:27017: [Errno 111] Connection refused (configured timeouts: socketTimeoutMS: 20000.0ms, connectTimeoutMS: 20000.0ms)')\""}
2025-07-22 03:32:33,555 - pymongo.topology - DEBUG - {"message": "Topology description changed", "topologyId": {"$oid": "687f064f701b317ae32757ab"}, "previousDescription": "<TopologyDescription id: 687f064f701b317ae32757ab, topology_type: Unknown, servers: [<ServerDescription ('localhost', 27017) server_type: Unknown, rtt: None, error=AutoReconnect('localhost:27017: [Errno 111] Connection refused (configured timeouts: socketTimeoutMS: 20000.0ms, connectTimeoutMS: 20000.0ms)')>]>", "newDescription": "<TopologyDescription id: 687f064f701b317ae32757ab, topology_type: Unknown, servers: [<ServerDescription ('localhost', 27017) server_type: Unknown, rtt: None, error=AutoReconnect('localhost:27017: [Errno 111] Connection refused (configured timeouts: socketTimeoutMS: 20000.0ms, connectTimeoutMS: 20000.0ms)')>]>"}
2025-07-22 03:32:34,056 - pymongo.topology - DEBUG - {"message": "Server heartbeat failed", "topologyId": {"$oid": "687f064f701b317ae32757ab"}, "serverHost": "localhost", "serverPort": 27017, "awaited": false, "durationMS": 0.2228780067525804, "failure": "\"AutoReconnect('localhost:27017: [Errno 111] Connection refused (configured timeouts: socketTimeoutMS: 20000.0ms, connectTimeoutMS: 20000.0ms)')\""}
2025-07-22 03:32:34,056 - pymongo.topology - DEBUG - {"message": "Topology description changed", "topologyId": {"$oid": "687f064f701b317ae32757ab"}, "previousDescription": "<TopologyDescription id: 687f064f701b317ae32757ab, topology_type: Unknown, servers: [<ServerDescription ('localhost', 27017) server_type: Unknown, rtt: None, error=AutoReconnect('localhost:27017: [Errno 111] Connection refused (configured timeouts: socketTimeoutMS: 20000.0ms, connectTimeoutMS: 20000.0ms)')>]>", "newDescription": "<TopologyDescription id: 687f064f701b317ae32757ab, topology_type: Unknown, servers: [<ServerDescription ('localhost', 27017) server_type: Unknown, rtt: None, error=AutoReconnect('localhost:27017: [Errno 111] Connection refused (configured timeouts: socketTimeoutMS: 20000.0ms, connectTimeoutMS: 20000.0ms)')>]>"}
2025-07-22 03:32:34,556 - pymongo.topology - DEBUG - {"message": "Server heartbeat failed", "topologyId": {"$oid": "687f064f701b317ae32757ab"}, "serverHost": "localhost", "serverPort": 27017, "awaited": false, "durationMS": 0.2931599738076329, "failure": "\"AutoReconnect('localhost:27017: [Errno 111] Connection refused (configured timeouts: socketTimeoutMS: 20000.0ms, connectTimeoutMS: 20000.0ms)')\""}
2025-07-22 03:32:34,556 - pymongo.topology - DEBUG - {"message": "Topology description changed", "topologyId": {"$oid": "687f064f701b317ae32757ab"}, "previousDescription": "<TopologyDescription id: 687f064f701b317ae32757ab, topology_type: Unknown, servers: [<ServerDescription ('localhost', 27017) server_type: Unknown, rtt: None, error=AutoReconnect('localhost:27017: [Errno 111] Connection refused (configured timeouts: socketTimeoutMS: 20000.0ms, connectTimeoutMS: 20000.0ms)')>]>", "newDescription": "<TopologyDescription id: 687f064f701b317ae32757ab, topology_type: Unknown, servers: [<ServerDescription ('localhost', 27017) server_type: Unknown, rtt: None, error=AutoReconnect('localhost:27017: [Errno 111] Connection refused (configured timeouts: socketTimeoutMS: 20000.0ms, connectTimeoutMS: 20000.0ms)')>]>"}
2025-07-22 03:32:35,057 - pymongo.topology - DEBUG - {"message": "Server heartbeat failed", "topologyId": {"$oid": "687f064f701b317ae32757ab"}, "serverHost": "localhost", "serverPort": 27017, "awaited": false, "durationMS": 0.22658397210761905, "failure": "\"AutoReconnect('localhost:27017: [Errno 111] Connection refused (configured timeouts: socketTimeoutMS: 20000.0ms, connectTimeoutMS: 20000.0ms)')\""}
2025-07-22 03:32:35,057 - pymongo.topology - DEBUG - {"message": "Topology description changed", "topologyId": {"$oid": "687f064f701b317ae32757ab"}, "previousDescription": "<TopologyDescription id: 687f064f701b317ae32757ab, topology_type: Unknown, servers: [<ServerDescription ('localhost', 27017) server_type: Unknown, rtt: None, error=AutoReconnect('localhost:27017: [Errno 111] Connection refused (configured timeouts: socketTimeoutMS: 20000.0ms, connectTimeoutMS: 20000.0ms)')>]>", "newDescription": "<TopologyDescription id: 687f064f701b317ae32757ab, topology_type: Unknown, servers: [<ServerDescription ('localhost', 27017) server_type: Unknown, rtt: None, error=AutoReconnect('localhost:27017: [Errno 111] Connection refused (configured timeouts: socketTimeoutMS: 20000.0ms, connectTimeoutMS: 20000.0ms)')>]>"}
2025-07-22 03:32:35,558 - pymongo.topology - DEBUG - {"message": "Server heartbeat failed", "topologyId": {"$oid": "687f064f701b317ae32757ab"}, "serverHost": "localhost", "serverPort": 27017, "awaited": false, "durationMS": 0.2922830171883106, "failure": "\"AutoReconnect('localhost:27017: [Errno 111] Connection refused (configured timeouts: socketTimeoutMS: 20000.0ms, connectTimeoutMS: 20000.0ms)')\""}
2025-07-22 03:32:35,558 - pymongo.topology - DEBUG - {"message": "Topology description changed", "topologyId": {"$oid": "687f064f701b317ae32757ab"}, "previousDescription": "<TopologyDescription id: 687f064f701b317ae32757ab, topology_type: Unknown, servers: [<ServerDescription ('localhost', 27017) server_type: Unknown, rtt: None, error=AutoReconnect('localhost:27017: [Errno 111] Connection refused (configured timeouts: socketTimeoutMS: 20000.0ms, connectTimeoutMS: 20000.0ms)')>]>", "newDescription": "<TopologyDescription id: 687f064f701b317ae32757ab, topology_type: Unknown, servers: [<ServerDescription ('localhost', 27017) server_type: Unknown, rtt: None, error=AutoReconnect('localhost:27017: [Errno 111] Connection refused (configured timeouts: socketTimeoutMS: 20000.0ms, connectTimeoutMS: 20000.0ms)')>]>"}
2025-07-22 03:32:36,058 - pymongo.topology - DEBUG - {"message": "Server heartbeat failed", "topologyId": {"$oid": "687f064f701b317ae32757ab"}, "serverHost": "localhost", "serverPort": 27017, "awaited": false, "durationMS": 0.2811820013448596, "failure": "\"AutoReconnect('localhost:27017: [Errno 111] Connection refused (configured timeouts: socketTimeoutMS: 20000.0ms, connectTimeoutMS: 20000.0ms)')\""}
2025-07-22 03:32:36,058 - pymongo.topology - DEBUG - {"message": "Topology description changed", "topologyId": {"$oid": "687f064f701b317ae32757ab"}, "previousDescription": "<TopologyDescription id: 687f064f701b317ae32757ab, topology_type: Unknown, servers: [<ServerDescription ('localhost', 27017) server_type: Unknown, rtt: None, error=AutoReconnect('localhost:27017: [Errno 111] Connection refused (configured timeouts: socketTimeoutMS: 20000.0ms, connectTimeoutMS: 20000.0ms)')>]>", "newDescription": "<TopologyDescription id: 687f064f701b317ae32757ab, topology_type: Unknown, servers: [<ServerDescription ('localhost', 27017) server_type: Unknown, rtt: None, error=AutoReconnect('localhost:27017: [Errno 111] Connection refused (configured timeouts: socketTimeoutMS: 20000.0ms, connectTimeoutMS: 20000.0ms)')>]>"}
2025-07-22 03:32:36,559 - pymongo.topology - DEBUG - {"message": "Server heartbeat failed", "topologyId": {"$oid": "687f064f701b317ae32757ab"}, "serverHost": "localhost", "serverPort": 27017, "awaited": false, "durationMS": 0.233647006098181, "failure": "\"AutoReconnect('localhost:27017: [Errno 111] Connection refused (configured timeouts: socketTimeoutMS: 20000.0ms, connectTimeoutMS: 20000.0ms)')\""}
2025-07-22 03:32:36,559 - pymongo.topology - DEBUG - {"message": "Topology description changed", "topologyId": {"$oid": "687f064f701b317ae32757ab"}, "previousDescription": "<TopologyDescription id: 687f064f701b317ae32757ab, topology_type: Unknown, servers: [<ServerDescription ('localhost', 27017) server_type: Unknown, rtt: None, error=AutoReconnect('localhost:27017: [Errno 111] Connection refused (configured timeouts: socketTimeoutMS: 20000.0ms, connectTimeoutMS: 20000.0ms)')>]>", "newDescription": "<TopologyDescription id: 687f064f701b317ae32757ab, topology_type: Unknown, servers: [<ServerDescription ('localhost', 27017) server_type: Unknown, rtt: None, error=AutoReconnect('localhost:27017: [Errno 111] Connection refused (configured timeouts: socketTimeoutMS: 20000.0ms, connectTimeoutMS: 20000.0ms)')>]>"}
2025-07-22 03:32:36,559 - pymongo.serverSelection - DEBUG - {"message": "Server selection failed", "selector": "Primary()", "operation": "buildinfo", "topologyDescription": "<TopologyDescription id: 687f064f701b317ae32757ab, topology_type: Unknown, servers: [<ServerDescription ('localhost', 27017) server_type: Unknown, rtt: None, error=AutoReconnect('localhost:27017: [Errno 111] Connection refused (configured timeouts: socketTimeoutMS: 20000.0ms, connectTimeoutMS: 20000.0ms)')>]>", "clientId": {"$oid": "687f064f701b317ae32757ab"}, "failure": "\"localhost:27017: [Errno 111] Connection refused (configured timeouts: socketTimeoutMS: 20000.0ms, connectTimeoutMS: 20000.0ms)\""}
2025-07-22 03:32:36,559 - __main__ - WARNING - MongoDB no disponible: localhost:27017: [Errno 111] Connection refused (configured timeouts: socketTimeoutMS: 20000.0ms, connectTimeoutMS: 20000.0ms), Timeout: 5.0s, Topology Description: <TopologyDescription id: 687f064f701b317ae32757ab, topology_type: Unknown, servers: [<ServerDescription ('localhost', 27017) server_type: Unknown, rtt: None, error=AutoReconnect('localhost:27017: [Errno 111] Connection refused (configured timeouts: socketTimeoutMS: 20000.0ms, connectTimeoutMS: 20000.0ms)')>]>. Usando almacenamiento en memoria.
2025-07-22 03:32:36,560 - __main__ - INFO - Sistema profesional de Threat Intelligence inicializado

Conectando a fuentes de Threat Intelligence:
   FUENTES PROFESIONALES:
   - VirusTotal API (URLs/archivos maliciosos)
   - IBM X-Force Exchange API (Inteligencia corporativa)
   - OTX AlienVault API (Indicadores colaborativos)
   - Hybrid Analysis API (Análisis de malware)
   - MalwareBazaar API (Muestras de malware)
   - NVD API (Vulnerabilidades CVE)
   FUENTES COMPLEMENTARIAS:
   - OpenPhish (URLs de phishing)
   - PhishTank (URLs verificadas)
   - URLhaus (URLs de malware)
   - ThreatFox (IOCs verificados)
   - IP Blocklists (IPs maliciosas)

Estado de configuración de APIs:
   - VirusTotal: ✗ MODO DEMO
   - IBM X-Force: ✗ MODO DEMO
   - OTX AlienVault: ✗ MODO DEMO
   - Hybrid Analysis: ✗ MODO DEMO
   - NVD: ✗ MODO DEMO

   NOTA: Sistema funcionando en modo DEMO con datos realistas
   Para datos reales, configura las API keys en variables de entorno:
   - VIRUSTOTAL_API_KEY
   - IBM_XFORCE_API_KEY + IBM_XFORCE_PASSWORD
   - OTX_API_KEY
   - HYBRID_ANALYSIS_API_KEY
   - NVD_API_KEY (opcional)
2025-07-22 03:32:36,560 - __main__ - INFO - === INICIANDO RECOLECCIÓN PROFESIONAL DE THREAT INTELLIGENCE ===
2025-07-22 03:32:36,560 - __main__ - INFO - === INICIANDO RECOLECCIÓN PROFESIONAL DE THREAT INTELLIGENCE ===
2025-07-22 03:32:36,560 - __main__ - INFO - Recolectando desde VirusTotal...
2025-07-22 03:32:36,560 - __main__ - INFO - VirusTotal API key no configurada - generando datos demo
/workspace/app.py:1307: DeprecationWarning: datetime.datetime.utcnow() is deprecated and scheduled for removal in a future version. Use timezone-aware objects to represent datetimes in UTC: datetime.datetime.now(datetime.UTC).
  first_seen=datetime.utcnow() - timedelta(hours=random.randint(1, 48)),
/workspace/app.py:1308: DeprecationWarning: datetime.datetime.utcnow() is deprecated and scheduled for removal in a future version. Use timezone-aware objects to represent datetimes in UTC: datetime.datetime.now(datetime.UTC).
  last_seen=datetime.utcnow(),
2025-07-22 03:32:36,560 - __main__ - INFO - VirusTotal: 4 IOCs recolectados
2025-07-22 03:32:38,560 - __main__ - INFO - Recolectando desde IBM X-Force...
2025-07-22 03:32:38,560 - __main__ - INFO - IBM X-Force API credentials no configuradas - generando datos demo
/workspace/app.py:1421: DeprecationWarning: datetime.datetime.utcnow() is deprecated and scheduled for removal in a future version. Use timezone-aware objects to represent datetimes in UTC: datetime.datetime.now(datetime.UTC).
  first_seen=datetime.utcnow() - timedelta(hours=random.randint(6, 120)),
/workspace/app.py:1422: DeprecationWarning: datetime.datetime.utcnow() is deprecated and scheduled for removal in a future version. Use timezone-aware objects to represent datetimes in UTC: datetime.datetime.now(datetime.UTC).
  last_seen=datetime.utcnow(),
2025-07-22 03:32:38,560 - __main__ - INFO - IBM X-Force: 5 IOCs recolectados
2025-07-22 03:32:40,560 - __main__ - INFO - Recolectando desde OTX AlienVault...
2025-07-22 03:32:40,560 - __main__ - INFO - OTX API key no configurada - generando datos demo
/workspace/app.py:1559: DeprecationWarning: datetime.datetime.utcnow() is deprecated and scheduled for removal in a future version. Use timezone-aware objects to represent datetimes in UTC: datetime.datetime.now(datetime.UTC).
  first_seen=datetime.utcnow() - timedelta(hours=random.randint(1, 72)),
/workspace/app.py:1560: DeprecationWarning: datetime.datetime.utcnow() is deprecated and scheduled for removal in a future version. Use timezone-aware objects to represent datetimes in UTC: datetime.datetime.now(datetime.UTC).
  last_seen=datetime.utcnow(),
2025-07-22 03:32:40,561 - __main__ - INFO - OTX AlienVault: 5 IOCs recolectados
2025-07-22 03:32:41,553 - pymongo.topology - DEBUG - {"message": "Server heartbeat failed", "topologyId": {"$oid": "687f064a701b317ae32757aa"}, "serverHost": "localhost", "serverPort": 27017, "awaited": false, "durationMS": 0.2791010192595422, "failure": "\"AutoReconnect('localhost:27017: [Errno 111] Connection refused (configured timeouts: socketTimeoutMS: 20000.0ms, connectTimeoutMS: 20000.0ms)')\""}
2025-07-22 03:32:41,553 - pymongo.topology - DEBUG - {"message": "Topology description changed", "topologyId": {"$oid": "687f064a701b317ae32757aa"}, "previousDescription": "<TopologyDescription id: 687f064a701b317ae32757aa, topology_type: Unknown, servers: [<ServerDescription ('localhost', 27017) server_type: Unknown, rtt: None, error=AutoReconnect('localhost:27017: [Errno 111] Connection refused (configured timeouts: socketTimeoutMS: 20000.0ms, connectTimeoutMS: 20000.0ms)')>]>", "newDescription": "<TopologyDescription id: 687f064a701b317ae32757aa, topology_type: Unknown, servers: [<ServerDescription ('localhost', 27017) server_type: Unknown, rtt: None, error=AutoReconnect('localhost:27017: [Errno 111] Connection refused (configured timeouts: socketTimeoutMS: 20000.0ms, connectTimeoutMS: 20000.0ms)')>]>"}
2025-07-22 03:32:42,561 - __main__ - INFO - Recolectando desde Hybrid Analysis...
2025-07-22 03:32:42,561 - __main__ - INFO - Hybrid Analysis API key no configurada - saltando
2025-07-22 03:32:42,561 - __main__ - INFO - Hybrid Analysis: 0 IOCs recolectados
2025-07-22 03:32:44,561 - __main__ - INFO - Recolectando desde MalwareBazaar...
2025-07-22 03:32:44,561 - __main__ - INFO - Consultando MalwareBazaar para IOCs...
2025-07-22 03:32:44,562 - urllib3.connectionpool - DEBUG - Starting new HTTPS connection (1): mb-api.abuse.ch:443
2025-07-22 03:32:44,998 - urllib3.connectionpool - DEBUG - https://mb-api.abuse.ch:443 "POST /api/v1/ HTTP/1.1" 401 0
/workspace/app.py:1709: DeprecationWarning: datetime.datetime.utcnow() is deprecated and scheduled for removal in a future version. Use timezone-aware objects to represent datetimes in UTC: datetime.datetime.now(datetime.UTC).
  first_seen=datetime.utcnow() - timedelta(hours=random.randint(1, 48)),
/workspace/app.py:1710: DeprecationWarning: datetime.datetime.utcnow() is deprecated and scheduled for removal in a future version. Use timezone-aware objects to represent datetimes in UTC: datetime.datetime.now(datetime.UTC).
  last_seen=datetime.utcnow(),
2025-07-22 03:32:44,998 - __main__ - INFO - MalwareBazaar: 5 IOCs recolectados
2025-07-22 03:32:46,562 - pymongo.topology - DEBUG - {"message": "Server heartbeat failed", "topologyId": {"$oid": "687f064f701b317ae32757ab"}, "serverHost": "localhost", "serverPort": 27017, "awaited": false, "durationMS": 0.2749459818005562, "failure": "\"AutoReconnect('localhost:27017: [Errno 111] Connection refused (configured timeouts: socketTimeoutMS: 20000.0ms, connectTimeoutMS: 20000.0ms)')\""}
2025-07-22 03:32:46,562 - pymongo.topology - DEBUG - {"message": "Topology description changed", "topologyId": {"$oid": "687f064f701b317ae32757ab"}, "previousDescription": "<TopologyDescription id: 687f064f701b317ae32757ab, topology_type: Unknown, servers: [<ServerDescription ('localhost', 27017) server_type: Unknown, rtt: None, error=AutoReconnect('localhost:27017: [Errno 111] Connection refused (configured timeouts: socketTimeoutMS: 20000.0ms, connectTimeoutMS: 20000.0ms)')>]>", "newDescription": "<TopologyDescription id: 687f064f701b317ae32757ab, topology_type: Unknown, servers: [<ServerDescription ('localhost', 27017) server_type: Unknown, rtt: None, error=AutoReconnect('localhost:27017: [Errno 111] Connection refused (configured timeouts: socketTimeoutMS: 20000.0ms, connectTimeoutMS: 20000.0ms)')>]>"}
2025-07-22 03:32:46,998 - __main__ - INFO - Recolectando desde NVD...
2025-07-22 03:32:46,998 - __main__ - INFO - Consultando NVD para CVEs de los últimos 7 días...
/workspace/app.py:1183: DeprecationWarning: datetime.datetime.utcnow() is deprecated and scheduled for removal in a future version. Use timezone-aware objects to represent datetimes in UTC: datetime.datetime.now(datetime.UTC).
  end_date = datetime.utcnow()
2025-07-22 03:32:46,999 - urllib3.connectionpool - DEBUG - Starting new HTTPS connection (1): services.nvd.nist.gov:443
2025-07-22 03:32:47,156 - urllib3.connectionpool - DEBUG - https://services.nvd.nist.gov:443 "GET /rest/json/cves/2.0?pubStartDate=2025-07-15T03%3A32%3A46.000&pubEndDate=2025-07-22T03%3A32%3A46.000&resultsPerPage=100 HTTP/1.1" 200 None
2025-07-22 03:32:47,163 - __main__ - INFO - NVD: 15 CVEs recolectados
2025-07-22 03:32:47,165 - __main__ - INFO - NVD: 1 IOCs recolectados
2025-07-22 03:32:49,165 - __main__ - INFO - Correlacionando IOCs entre fuentes...
2025-07-22 03:32:49,166 - __main__ - INFO - Recolectando desde fuentes de scraping tradicionales...
2025-07-22 03:32:49,166 - __main__ - INFO - Scrapeando OpenPhish...
2025-07-22 03:32:49,166 - urllib3.connectionpool - DEBUG - Starting new HTTPS connection (1): openphish.com:443
2025-07-22 03:32:49,688 - urllib3.connectionpool - DEBUG - https://openphish.com:443 "GET /feed.txt HTTP/1.1" 302 None
2025-07-22 03:32:49,689 - urllib3.connectionpool - DEBUG - Starting new HTTPS connection (1): raw.githubusercontent.com:443
2025-07-22 03:32:49,703 - urllib3.connectionpool - DEBUG - https://raw.githubusercontent.com:443 "GET /openphish/public_feed/refs/heads/main/feed.txt HTTP/1.1" 200 6810
2025-07-22 03:32:49,703 - __main__ - INFO - OpenPhish: 300 URLs encontradas
/workspace/app.py:488: DeprecationWarning: datetime.datetime.utcnow() is deprecated and scheduled for removal in a future version. Use timezone-aware objects to represent datetimes in UTC: datetime.datetime.now(datetime.UTC).
  first_seen=datetime.utcnow(),
/workspace/app.py:489: DeprecationWarning: datetime.datetime.utcnow() is deprecated and scheduled for removal in a future version. Use timezone-aware objects to represent datetimes in UTC: datetime.datetime.now(datetime.UTC).
  last_seen=datetime.utcnow(),
2025-07-22 03:32:49,708 - __main__ - INFO - OpenPhish: 31 IOCs de LATAM recolectados
2025-07-22 03:32:51,556 - pymongo.topology - DEBUG - {"message": "Server heartbeat failed", "topologyId": {"$oid": "687f064a701b317ae32757aa"}, "serverHost": "localhost", "serverPort": 27017, "awaited": false, "durationMS": 0.33833098132163286, "failure": "\"AutoReconnect('localhost:27017: [Errno 111] Connection refused (configured timeouts: socketTimeoutMS: 20000.0ms, connectTimeoutMS: 20000.0ms)')\""}
2025-07-22 03:32:51,556 - pymongo.topology - DEBUG - {"message": "Topology description changed", "topologyId": {"$oid": "687f064a701b317ae32757aa"}, "previousDescription": "<TopologyDescription id: 687f064a701b317ae32757aa, topology_type: Unknown, servers: [<ServerDescription ('localhost', 27017) server_type: Unknown, rtt: None, error=AutoReconnect('localhost:27017: [Errno 111] Connection refused (configured timeouts: socketTimeoutMS: 20000.0ms, connectTimeoutMS: 20000.0ms)')>]>", "newDescription": "<TopologyDescription id: 687f064a701b317ae32757aa, topology_type: Unknown, servers: [<ServerDescription ('localhost', 27017) server_type: Unknown, rtt: None, error=AutoReconnect('localhost:27017: [Errno 111] Connection refused (configured timeouts: socketTimeoutMS: 20000.0ms, connectTimeoutMS: 20000.0ms)')>]>"}
2025-07-22 03:32:51,708 - __main__ - INFO - Scrapeando PhishTank...
2025-07-22 03:32:51,709 - urllib3.connectionpool - DEBUG - Starting new HTTP connection (1): data.phishtank.com:80
2025-07-22 03:32:51,747 - urllib3.connectionpool - DEBUG - http://data.phishtank.com:80 "GET /data/online-valid.csv HTTP/1.1" 301 167
2025-07-22 03:32:51,748 - urllib3.connectionpool - DEBUG - Starting new HTTPS connection (1): data.phishtank.com:443
2025-07-22 03:32:51,786 - urllib3.connectionpool - DEBUG - https://data.phishtank.com:443 "GET /data/online-valid.csv HTTP/1.1" 302 None
2025-07-22 03:32:51,787 - urllib3.connectionpool - DEBUG - Starting new HTTPS connection (1): cdn.phishtank.com:443
2025-07-22 03:32:51,832 - urllib3.connectionpool - DEBUG - https://cdn.phishtank.com:443 "GET /datadumps/verified_online.csv?Expires=1753154824&Signature=IFB4OHWhQj33afKfWenlXRWaD1wIoH7riCXQG1OYutAlfr4QjI8cyn5gJx05DyfcePIn7pXYzxVg6Ww5iyyTX5dlNGsJRUQmEuOzGwiZO5Iaj73XnS4EV-i0aJzY-zgBbRTLjdGVAX9fj2Hgxsu8rqcrxFKgT0nVVCgIIp0~gllTQ15ZMz~mbVt5wzI-uR~eAXiS1hCdsa8D1KDssimdzW8TJ7w8vEyiVXkQOjxzf5cbcCCkMlqXKn5LPY4eXh40Llys~dBtmAB1zFlGzvHmUAyPojYtNQ~JZsDL0k269Wwv9zxbSi6SazdGBMObvINz33EvMBVdYxd9WAKjqE2riw__&Key-Pair-Id=APKAILB45UG3RB4CSOJA HTTP/1.1" 404 17993
2025-07-22 03:32:51,833 - __main__ - WARNING - HTTP 404 para http://data.phishtank.com/data/online-valid.csv
2025-07-22 03:32:51,855 - urllib3.connectionpool - DEBUG - http://data.phishtank.com:80 "GET /data/online-valid.csv HTTP/1.1" 301 167
2025-07-22 03:32:51,874 - urllib3.connectionpool - DEBUG - https://data.phishtank.com:443 "GET /data/online-valid.csv HTTP/1.1" 302 None
2025-07-22 03:32:51,900 - urllib3.connectionpool - DEBUG - https://cdn.phishtank.com:443 "GET /datadumps/verified_online.csv?Expires=1753154824&Signature=IFB4OHWhQj33afKfWenlXRWaD1wIoH7riCXQG1OYutAlfr4QjI8cyn5gJx05DyfcePIn7pXYzxVg6Ww5iyyTX5dlNGsJRUQmEuOzGwiZO5Iaj73XnS4EV-i0aJzY-zgBbRTLjdGVAX9fj2Hgxsu8rqcrxFKgT0nVVCgIIp0~gllTQ15ZMz~mbVt5wzI-uR~eAXiS1hCdsa8D1KDssimdzW8TJ7w8vEyiVXkQOjxzf5cbcCCkMlqXKn5LPY4eXh40Llys~dBtmAB1zFlGzvHmUAyPojYtNQ~JZsDL0k269Wwv9zxbSi6SazdGBMObvINz33EvMBVdYxd9WAKjqE2riw__&Key-Pair-Id=APKAILB45UG3RB4CSOJA HTTP/1.1" 404 17993
2025-07-22 03:32:51,900 - __main__ - WARNING - HTTP 404 para http://data.phishtank.com/data/online-valid.csv
2025-07-22 03:32:51,920 - urllib3.connectionpool - DEBUG - http://data.phishtank.com:80 "GET /data/online-valid.csv HTTP/1.1" 301 167
2025-07-22 03:32:51,942 - urllib3.connectionpool - DEBUG - https://data.phishtank.com:443 "GET /data/online-valid.csv HTTP/1.1" 302 None
2025-07-22 03:32:51,956 - urllib3.connectionpool - DEBUG - https://cdn.phishtank.com:443 "GET /datadumps/verified_online.csv?Expires=1753154824&Signature=IFB4OHWhQj33afKfWenlXRWaD1wIoH7riCXQG1OYutAlfr4QjI8cyn5gJx05DyfcePIn7pXYzxVg6Ww5iyyTX5dlNGsJRUQmEuOzGwiZO5Iaj73XnS4EV-i0aJzY-zgBbRTLjdGVAX9fj2Hgxsu8rqcrxFKgT0nVVCgIIp0~gllTQ15ZMz~mbVt5wzI-uR~eAXiS1hCdsa8D1KDssimdzW8TJ7w8vEyiVXkQOjxzf5cbcCCkMlqXKn5LPY4eXh40Llys~dBtmAB1zFlGzvHmUAyPojYtNQ~JZsDL0k269Wwv9zxbSi6SazdGBMObvINz33EvMBVdYxd9WAKjqE2riw__&Key-Pair-Id=APKAILB45UG3RB4CSOJA HTTP/1.1" 404 17993
2025-07-22 03:32:51,956 - __main__ - WARNING - HTTP 404 para http://data.phishtank.com/data/online-valid.csv
2025-07-22 03:32:51,956 - __main__ - ERROR - No se pudo obtener datos de PhishTank
2025-07-22 03:32:53,956 - __main__ - INFO - Scrapeando URLhaus...
2025-07-22 03:32:53,957 - urllib3.connectionpool - DEBUG - Starting new HTTPS connection (1): urlhaus.feodotracker.abuse.ch:443
2025-07-22 03:32:53,979 - __main__ - WARNING - Error en request a https://urlhaus.feodotracker.abuse.ch/downloads/csv_recent/: HTTPSConnectionPool(host='urlhaus.feodotracker.abuse.ch', port=443): Max retries exceeded with url: /downloads/csv_recent/ (Caused by NameResolutionError("<urllib3.connection.HTTPSConnection object at 0x7fa36c4f25d0>: Failed to resolve 'urlhaus.feodotracker.abuse.ch' ([Errno -2] Name or service not known)"))
2025-07-22 03:32:54,980 - urllib3.connectionpool - DEBUG - Starting new HTTPS connection (2): urlhaus.feodotracker.abuse.ch:443
2025-07-22 03:32:54,984 - __main__ - WARNING - Error en request a https://urlhaus.feodotracker.abuse.ch/downloads/csv_recent/: HTTPSConnectionPool(host='urlhaus.feodotracker.abuse.ch', port=443): Max retries exceeded with url: /downloads/csv_recent/ (Caused by NameResolutionError("<urllib3.connection.HTTPSConnection object at 0x7fa36c4f2850>: Failed to resolve 'urlhaus.feodotracker.abuse.ch' ([Errno -2] Name or service not known)"))
2025-07-22 03:32:56,565 - pymongo.topology - DEBUG - {"message": "Server heartbeat failed", "topologyId": {"$oid": "687f064f701b317ae32757ab"}, "serverHost": "localhost", "serverPort": 27017, "awaited": false, "durationMS": 0.3236299962736666, "failure": "\"AutoReconnect('localhost:27017: [Errno 111] Connection refused (configured timeouts: socketTimeoutMS: 20000.0ms, connectTimeoutMS: 20000.0ms)')\""}
2025-07-22 03:32:56,565 - pymongo.topology - DEBUG - {"message": "Topology description changed", "topologyId": {"$oid": "687f064f701b317ae32757ab"}, "previousDescription": "<TopologyDescription id: 687f064f701b317ae32757ab, topology_type: Unknown, servers: [<ServerDescription ('localhost', 27017) server_type: Unknown, rtt: None, error=AutoReconnect('localhost:27017: [Errno 111] Connection refused (configured timeouts: socketTimeoutMS: 20000.0ms, connectTimeoutMS: 20000.0ms)')>]>", "newDescription": "<TopologyDescription id: 687f064f701b317ae32757ab, topology_type: Unknown, servers: [<ServerDescription ('localhost', 27017) server_type: Unknown, rtt: None, error=AutoReconnect('localhost:27017: [Errno 111] Connection refused (configured timeouts: socketTimeoutMS: 20000.0ms, connectTimeoutMS: 20000.0ms)')>]>"}
2025-07-22 03:32:56,985 - urllib3.connectionpool - DEBUG - Starting new HTTPS connection (3): urlhaus.feodotracker.abuse.ch:443
2025-07-22 03:32:56,989 - __main__ - WARNING - Error en request a https://urlhaus.feodotracker.abuse.ch/downloads/csv_recent/: HTTPSConnectionPool(host='urlhaus.feodotracker.abuse.ch', port=443): Max retries exceeded with url: /downloads/csv_recent/ (Caused by NameResolutionError("<urllib3.connection.HTTPSConnection object at 0x7fa36c4f1810>: Failed to resolve 'urlhaus.feodotracker.abuse.ch' ([Errno -2] Name or service not known)"))
2025-07-22 03:32:56,989 - __main__ - ERROR - No se pudo obtener datos de URLhaus
2025-07-22 03:32:58,989 - __main__ - INFO - Creando campañas basadas en IOCs profesionales...
/workspace/app.py:974: DeprecationWarning: datetime.datetime.utcnow() is deprecated and scheduled for removal in a future version. Use timezone-aware objects to represent datetimes in UTC: datetime.datetime.now(datetime.UTC).
  campaign_id = hashlib.md5(f"{campaign_name}_{datetime.utcnow().date()}_{source}".encode()).hexdigest()
2025-07-22 03:32:58,989 - __main__ - INFO - === RECOLECCIÓN PROFESIONAL COMPLETADA ===
2025-07-22 03:32:58,990 - __main__ - INFO - IOCs totales: 51
2025-07-22 03:32:58,990 - __main__ - INFO - Campañas creadas: 12
2025-07-22 03:32:58,990 - __main__ - DEBUG - Campaña almacenada en memoria: Campaña Phishing - Virustotal (total: 1)
2025-07-22 03:32:58,990 - __main__ - INFO - Campaña almacenada: Campaña Phishing - Virustotal (2 IOCs)
2025-07-22 03:32:58,990 - __main__ - DEBUG - Campaña almacenada en memoria: Campaña C2 - Virustotal (total: 2)
2025-07-22 03:32:58,990 - __main__ - INFO - Campaña almacenada: Campaña C2 - Virustotal (1 IOCs)
2025-07-22 03:32:58,990 - __main__ - DEBUG - Campaña almacenada en memoria: Campaña Malware - Virustotal (total: 3)
2025-07-22 03:32:58,990 - __main__ - INFO - Campaña almacenada: Campaña Malware - Virustotal (1 IOCs)
2025-07-22 03:32:58,990 - __main__ - DEBUG - Campaña almacenada en memoria: Campaña Phishing - Ibm (total: 4)
2025-07-22 03:32:58,990 - __main__ - INFO - Campaña almacenada: Campaña Phishing - Ibm (3 IOCs)
2025-07-22 03:32:58,990 - __main__ - DEBUG - Campaña almacenada en memoria: Campaña C2 - Ibm (total: 5)
2025-07-22 03:32:58,990 - __main__ - INFO - Campaña almacenada: Campaña C2 - Ibm (1 IOCs)
2025-07-22 03:32:58,990 - __main__ - DEBUG - Campaña almacenada en memoria: Campaña Malware - Ibm (total: 6)
2025-07-22 03:32:58,990 - __main__ - INFO - Campaña almacenada: Campaña Malware - Ibm (1 IOCs)
2025-07-22 03:32:58,990 - __main__ - DEBUG - Campaña almacenada en memoria: Campaña Phishing - Otx (total: 7)
2025-07-22 03:32:58,990 - __main__ - INFO - Campaña almacenada: Campaña Phishing - Otx (3 IOCs)
2025-07-22 03:32:58,990 - __main__ - DEBUG - Campaña almacenada en memoria: Campaña C2 - Otx (total: 8)
2025-07-22 03:32:58,990 - __main__ - INFO - Campaña almacenada: Campaña C2 - Otx (1 IOCs)
2025-07-22 03:32:58,990 - __main__ - DEBUG - Campaña almacenada en memoria: Campaña Malware - Otx (total: 9)
2025-07-22 03:32:58,990 - __main__ - INFO - Campaña almacenada: Campaña Malware - Otx (1 IOCs)
2025-07-22 03:32:58,991 - __main__ - DEBUG - Campaña almacenada en memoria: Campaña Mekotio - Malware (total: 10)
2025-07-22 03:32:58,991 - __main__ - INFO - Campaña almacenada: Campaña Mekotio - Malware (5 IOCs)
2025-07-22 03:32:58,991 - __main__ - DEBUG - Campaña almacenada en memoria: Campaña Vulnerability - Nvd (total: 11)
2025-07-22 03:32:58,991 - __main__ - INFO - Campaña almacenada: Campaña Vulnerability - Nvd (1 IOCs)
2025-07-22 03:32:58,991 - __main__ - DEBUG - Campaña almacenada en memoria: Campaña Phishing - Openphish (total: 12)
2025-07-22 03:32:58,991 - __main__ - INFO - Campaña almacenada: Campaña Phishing - Openphish (31 IOCs)

Sistema inicializado correctamente:
   Campañas detectadas: 12
   IOCs recolectados: 51
   Países afectados: 7
   Alertas críticas: 2
   Familias de malware: mekotio, amavaldo, casbaneiro, grandoreiro, javali

Dashboard disponible en: http://localhost:5000
   Sistema de monitoreo en tiempo real activado
   Fuentes actualizándose automáticamente
2025-07-22 03:32:58,991 - __main__ - INFO - Iniciando servidor web del sistema AEGIS...
 * Serving Flask app 'app'
 * Debug mode: off
2025-07-22 03:32:58,993 - werkzeug - INFO - [31m[1mWARNING: This is a development server. Do not use it in a production deployment. Use a production WSGI server instead.[0m
 * Running on all addresses (0.0.0.0)
 * Running on http://127.0.0.1:5000
 * Running on http://172.30.0.2:5000
2025-07-22 03:32:58,993 - werkzeug - INFO - [33mPress CTRL+C to quit[0m
2025-07-22 03:33:01,559 - pymongo.topology - DEBUG - {"message": "Server heartbeat failed", "topologyId": {"$oid": "687f064a701b317ae32757aa"}, "serverHost": "localhost", "serverPort": 27017, "awaited": false, "durationMS": 0.3531330148689449, "failure": "\"AutoReconnect('localhost:27017: [Errno 111] Connection refused (configured timeouts: socketTimeoutMS: 20000.0ms, connectTimeoutMS: 20000.0ms)')\""}
2025-07-22 03:33:01,559 - pymongo.topology - DEBUG - {"message": "Topology description changed", "topologyId": {"$oid": "687f064a701b317ae32757aa"}, "previousDescription": "<TopologyDescription id: 687f064a701b317ae32757aa, topology_type: Unknown, servers: [<ServerDescription ('localhost', 27017) server_type: Unknown, rtt: None, error=AutoReconnect('localhost:27017: [Errno 111] Connection refused (configured timeouts: socketTimeoutMS: 20000.0ms, connectTimeoutMS: 20000.0ms)')>]>", "newDescription": "<TopologyDescription id: 687f064a701b317ae32757aa, topology_type: Unknown, servers: [<ServerDescription ('localhost', 27017) server_type: Unknown, rtt: None, error=AutoReconnect('localhost:27017: [Errno 111] Connection refused (configured timeouts: socketTimeoutMS: 20000.0ms, connectTimeoutMS: 20000.0ms)')>]>"}
2025-07-22 03:33:06,568 - pymongo.topology - DEBUG - {"message": "Server heartbeat failed", "topologyId": {"$oid": "687f064f701b317ae32757ab"}, "serverHost": "localhost", "serverPort": 27017, "awaited": false, "durationMS": 0.3372420324012637, "failure": "\"AutoReconnect('localhost:27017: [Errno 111] Connection refused (configured timeouts: socketTimeoutMS: 20000.0ms, connectTimeoutMS: 20000.0ms)')\""}
2025-07-22 03:33:06,568 - pymongo.topology - DEBUG - {"message": "Topology description changed", "topologyId": {"$oid": "687f064f701b317ae32757ab"}, "previousDescription": "<TopologyDescription id: 687f064f701b317ae32757ab, topology_type: Unknown, servers: [<ServerDescription ('localhost', 27017) server_type: Unknown, rtt: None, error=AutoReconnect('localhost:27017: [Errno 111] Connection refused (configured timeouts: socketTimeoutMS: 20000.0ms, connectTimeoutMS: 20000.0ms)')>]>", "newDescription": "<TopologyDescription id: 687f064f701b317ae32757ab, topology_type: Unknown, servers: [<ServerDescription ('localhost', 27017) server_type: Unknown, rtt: None, error=AutoReconnect('localhost:27017: [Errno 111] Connection refused (configured timeouts: socketTimeoutMS: 20000.0ms, connectTimeoutMS: 20000.0ms)')>]>"}
2025-07-22 03:33:11,561 - pymongo.topology - DEBUG - {"message": "Server heartbeat failed", "topologyId": {"$oid": "687f064a701b317ae32757aa"}, "serverHost": "localhost", "serverPort": 27017, "awaited": false, "durationMS": 0.3600710188038647, "failure": "\"AutoReconnect('localhost:27017: [Errno 111] Connection refused (configured timeouts: socketTimeoutMS: 20000.0ms, connectTimeoutMS: 20000.0ms)')\""}
2025-07-22 03:33:11,562 - pymongo.topology - DEBUG - {"message": "Topology description changed", "topologyId": {"$oid": "687f064a701b317ae32757aa"}, "previousDescription": "<TopologyDescription id: 687f064a701b317ae32757aa, topology_type: Unknown, servers: [<ServerDescription ('localhost', 27017) server_type: Unknown, rtt: None, error=AutoReconnect('localhost:27017: [Errno 111] Connection refused (configured timeouts: socketTimeoutMS: 20000.0ms, connectTimeoutMS: 20000.0ms)')>]>", "newDescription": "<TopologyDescription id: 687f064a701b317ae32757aa, topology_type: Unknown, servers: [<ServerDescription ('localhost', 27017) server_type: Unknown, rtt: None, error=AutoReconnect('localhost:27017: [Errno 111] Connection refused (configured timeouts: socketTimeoutMS: 20000.0ms, connectTimeoutMS: 20000.0ms)')>]>"}
2025-07-22 03:33:15,070 - __main__ - DEBUG - Buscando campañas en memoria. Total disponibles: 0
2025-07-22 03:33:15,070 - __main__ - DEBUG - Campañas después de filtros: 0
2025-07-22 03:33:15,071 - werkzeug - INFO - 127.0.0.1 - - [22/Jul/2025 03:33:15] "GET /api/campaigns HTTP/1.1" 200 -
2025-07-22 03:33:16,571 - pymongo.topology - DEBUG - {"message": "Server heartbeat failed", "topologyId": {"$oid": "687f064f701b317ae32757ab"}, "serverHost": "localhost", "serverPort": 27017, "awaited": false, "durationMS": 0.2884240238927305, "failure": "\"AutoReconnect('localhost:27017: [Errno 111] Connection refused (configured timeouts: socketTimeoutMS: 20000.0ms, connectTimeoutMS: 20000.0ms)')\""}
2025-07-22 03:33:16,571 - pymongo.topology - DEBUG - {"message": "Topology description changed", "topologyId": {"$oid": "687f064f701b317ae32757ab"}, "previousDescription": "<TopologyDescription id: 687f064f701b317ae32757ab, topology_type: Unknown, servers: [<ServerDescription ('localhost', 27017) server_type: Unknown, rtt: None, error=AutoReconnect('localhost:27017: [Errno 111] Connection refused (configured timeouts: socketTimeoutMS: 20000.0ms, connectTimeoutMS: 20000.0ms)')>]>", "newDescription": "<TopologyDescription id: 687f064f701b317ae32757ab, topology_type: Unknown, servers: [<ServerDescription ('localhost', 27017) server_type: Unknown, rtt: None, error=AutoReconnect('localhost:27017: [Errno 111] Connection refused (configured timeouts: socketTimeoutMS: 20000.0ms, connectTimeoutMS: 20000.0ms)')>]>"}
2025-07-22 03:33:21,564 - pymongo.topology - DEBUG - {"message": "Server heartbeat failed", "topologyId": {"$oid": "687f064a701b317ae32757aa"}, "serverHost": "localhost", "serverPort": 27017, "awaited": false, "durationMS": 0.3705580020323396, "failure": "\"AutoReconnect('localhost:27017: [Errno 111] Connection refused (configured timeouts: socketTimeoutMS: 20000.0ms, connectTimeoutMS: 20000.0ms)')\""}
2025-07-22 03:33:21,564 - pymongo.topology - DEBUG - {"message": "Topology description changed", "topologyId": {"$oid": "687f064a701b317ae32757aa"}, "previousDescription": "<TopologyDescription id: 687f064a701b317ae32757aa, topology_type: Unknown, servers: [<ServerDescription ('localhost', 27017) server_type: Unknown, rtt: None, error=AutoReconnect('localhost:27017: [Errno 111] Connection refused (configured timeouts: socketTimeoutMS: 20000.0ms, connectTimeoutMS: 20000.0ms)')>]>", "newDescription": "<TopologyDescription id: 687f064a701b317ae32757aa, topology_type: Unknown, servers: [<ServerDescription ('localhost', 27017) server_type: Unknown, rtt: None, error=AutoReconnect('localhost:27017: [Errno 111] Connection refused (configured timeouts: socketTimeoutMS: 20000.0ms, connectTimeoutMS: 20000.0ms)')>]>"}
2025-07-22 03:33:21,728 - werkzeug - INFO - 127.0.0.1 - - [22/Jul/2025 03:33:21] "GET /api/stats HTTP/1.1" 200 -
2025-07-22 03:33:26,574 - pymongo.topology - DEBUG - {"message": "Server heartbeat failed", "topologyId": {"$oid": "687f064f701b317ae32757ab"}, "serverHost": "localhost", "serverPort": 27017, "awaited": false, "durationMS": 0.37181004881858826, "failure": "\"AutoReconnect('localhost:27017: [Errno 111] Connection refused (configured timeouts: socketTimeoutMS: 20000.0ms, connectTimeoutMS: 20000.0ms)')\""}
2025-07-22 03:33:26,574 - pymongo.topology - DEBUG - {"message": "Topology description changed", "topologyId": {"$oid": "687f064f701b317ae32757ab"}, "previousDescription": "<TopologyDescription id: 687f064f701b317ae32757ab, topology_type: Unknown, servers: [<ServerDescription ('localhost', 27017) server_type: Unknown, rtt: None, error=AutoReconnect('localhost:27017: [Errno 111] Connection refused (configured timeouts: socketTimeoutMS: 20000.0ms, connectTimeoutMS: 20000.0ms)')>]>", "newDescription": "<TopologyDescription id: 687f064f701b317ae32757ab, topology_type: Unknown, servers: [<ServerDescription ('localhost', 27017) server_type: Unknown, rtt: None, error=AutoReconnect('localhost:27017: [Errno 111] Connection refused (configured timeouts: socketTimeoutMS: 20000.0ms, connectTimeoutMS: 20000.0ms)')>]>"}
2025-07-22 03:33:31,567 - pymongo.topology - DEBUG - {"message": "Server heartbeat failed", "topologyId": {"$oid": "687f064a701b317ae32757aa"}, "serverHost": "localhost", "serverPort": 27017, "awaited": false, "durationMS": 0.42171403765678406, "failure": "\"AutoReconnect('localhost:27017: [Errno 111] Connection refused (configured timeouts: socketTimeoutMS: 20000.0ms, connectTimeoutMS: 20000.0ms)')\""}
2025-07-22 03:33:31,567 - pymongo.topology - DEBUG - {"message": "Topology description changed", "topologyId": {"$oid": "687f064a701b317ae32757aa"}, "previousDescription": "<TopologyDescription id: 687f064a701b317ae32757aa, topology_type: Unknown, servers: [<ServerDescription ('localhost', 27017) server_type: Unknown, rtt: None, error=AutoReconnect('localhost:27017: [Errno 111] Connection refused (configured timeouts: socketTimeoutMS: 20000.0ms, connectTimeoutMS: 20000.0ms)')>]>", "newDescription": "<TopologyDescription id: 687f064a701b317ae32757aa, topology_type: Unknown, servers: [<ServerDescription ('localhost', 27017) server_type: Unknown, rtt: None, error=AutoReconnect('localhost:27017: [Errno 111] Connection refused (configured timeouts: socketTimeoutMS: 20000.0ms, connectTimeoutMS: 20000.0ms)')>]>"}
2025-07-22 03:33:36,577 - pymongo.topology - DEBUG - {"message": "Server heartbeat failed", "topologyId": {"$oid": "687f064f701b317ae32757ab"}, "serverHost": "localhost", "serverPort": 27017, "awaited": false, "durationMS": 0.4165630089119077, "failure": "\"AutoReconnect('localhost:27017: [Errno 111] Connection refused (configured timeouts: socketTimeoutMS: 20000.0ms, connectTimeoutMS: 20000.0ms)')\""}
2025-07-22 03:33:36,577 - pymongo.topology - DEBUG - {"message": "Topology description changed", "topologyId": {"$oid": "687f064f701b317ae32757ab"}, "previousDescription": "<TopologyDescription id: 687f064f701b317ae32757ab, topology_type: Unknown, servers: [<ServerDescription ('localhost', 27017) server_type: Unknown, rtt: None, error=AutoReconnect('localhost:27017: [Errno 111] Connection refused (configured timeouts: socketTimeoutMS: 20000.0ms, connectTimeoutMS: 20000.0ms)')>]>", "newDescription": "<TopologyDescription id: 687f064f701b317ae32757ab, topology_type: Unknown, servers: [<ServerDescription ('localhost', 27017) server_type: Unknown, rtt: None, error=AutoReconnect('localhost:27017: [Errno 111] Connection refused (configured timeouts: socketTimeoutMS: 20000.0ms, connectTimeoutMS: 20000.0ms)')>]>"}
2025-07-22 03:33:41,570 - pymongo.topology - DEBUG - {"message": "Server heartbeat failed", "topologyId": {"$oid": "687f064a701b317ae32757aa"}, "serverHost": "localhost", "serverPort": 27017, "awaited": false, "durationMS": 0.42812200263142586, "failure": "\"AutoReconnect('localhost:27017: [Errno 111] Connection refused (configured timeouts: socketTimeoutMS: 20000.0ms, connectTimeoutMS: 20000.0ms)')\""}
2025-07-22 03:33:41,570 - pymongo.topology - DEBUG - {"message": "Topology description changed", "topologyId": {"$oid": "687f064a701b317ae32757aa"}, "previousDescription": "<TopologyDescription id: 687f064a701b317ae32757aa, topology_type: Unknown, servers: [<ServerDescription ('localhost', 27017) server_type: Unknown, rtt: None, error=AutoReconnect('localhost:27017: [Errno 111] Connection refused (configured timeouts: socketTimeoutMS: 20000.0ms, connectTimeoutMS: 20000.0ms)')>]>", "newDescription": "<TopologyDescription id: 687f064a701b317ae32757aa, topology_type: Unknown, servers: [<ServerDescription ('localhost', 27017) server_type: Unknown, rtt: None, error=AutoReconnect('localhost:27017: [Errno 111] Connection refused (configured timeouts: socketTimeoutMS: 20000.0ms, connectTimeoutMS: 20000.0ms)')>]>"}
2025-07-22 03:33:46,580 - pymongo.topology - DEBUG - {"message": "Server heartbeat failed", "topologyId": {"$oid": "687f064f701b317ae32757ab"}, "serverHost": "localhost", "serverPort": 27017, "awaited": false, "durationMS": 0.37652801256626844, "failure": "\"AutoReconnect('localhost:27017: [Errno 111] Connection refused (configured timeouts: socketTimeoutMS: 20000.0ms, connectTimeoutMS: 20000.0ms)')\""}
2025-07-22 03:33:46,581 - pymongo.topology - DEBUG - {"message": "Topology description changed", "topologyId": {"$oid": "687f064f701b317ae32757ab"}, "previousDescription": "<TopologyDescription id: 687f064f701b317ae32757ab, topology_type: Unknown, servers: [<ServerDescription ('localhost', 27017) server_type: Unknown, rtt: None, error=AutoReconnect('localhost:27017: [Errno 111] Connection refused (configured timeouts: socketTimeoutMS: 20000.0ms, connectTimeoutMS: 20000.0ms)')>]>", "newDescription": "<TopologyDescription id: 687f064f701b317ae32757ab, topology_type: Unknown, servers: [<ServerDescription ('localhost', 27017) server_type: Unknown, rtt: None, error=AutoReconnect('localhost:27017: [Errno 111] Connection refused (configured timeouts: socketTimeoutMS: 20000.0ms, connectTimeoutMS: 20000.0ms)')>]>"}
2025-07-22 03:33:51,574 - pymongo.topology - DEBUG - {"message": "Server heartbeat failed", "topologyId": {"$oid": "687f064a701b317ae32757aa"}, "serverHost": "localhost", "serverPort": 27017, "awaited": false, "durationMS": 0.3969540121033788, "failure": "\"AutoReconnect('localhost:27017: [Errno 111] Connection refused (configured timeouts: socketTimeoutMS: 20000.0ms, connectTimeoutMS: 20000.0ms)')\""}
2025-07-22 03:33:51,574 - pymongo.topology - DEBUG - {"message": "Topology description changed", "topologyId": {"$oid": "687f064a701b317ae32757aa"}, "previousDescription": "<TopologyDescription id: 687f064a701b317ae32757aa, topology_type: Unknown, servers: [<ServerDescription ('localhost', 27017) server_type: Unknown, rtt: None, error=AutoReconnect('localhost:27017: [Errno 111] Connection refused (configured timeouts: socketTimeoutMS: 20000.0ms, connectTimeoutMS: 20000.0ms)')>]>", "newDescription": "<TopologyDescription id: 687f064a701b317ae32757aa, topology_type: Unknown, servers: [<ServerDescription ('localhost', 27017) server_type: Unknown, rtt: None, error=AutoReconnect('localhost:27017: [Errno 111] Connection refused (configured timeouts: socketTimeoutMS: 20000.0ms, connectTimeoutMS: 20000.0ms)')>]>"}
2025-07-22 03:33:56,584 - pymongo.topology - DEBUG - {"message": "Server heartbeat failed", "topologyId": {"$oid": "687f064f701b317ae32757ab"}, "serverHost": "localhost", "serverPort": 27017, "awaited": false, "durationMS": 0.3396830288693309, "failure": "\"AutoReconnect('localhost:27017: [Errno 111] Connection refused (configured timeouts: socketTimeoutMS: 20000.0ms, connectTimeoutMS: 20000.0ms)')\""}
2025-07-22 03:33:56,584 - pymongo.topology - DEBUG - {"message": "Topology description changed", "topologyId": {"$oid": "687f064f701b317ae32757ab"}, "previousDescription": "<TopologyDescription id: 687f064f701b317ae32757ab, topology_type: Unknown, servers: [<ServerDescription ('localhost', 27017) server_type: Unknown, rtt: None, error=AutoReconnect('localhost:27017: [Errno 111] Connection refused (configured timeouts: socketTimeoutMS: 20000.0ms, connectTimeoutMS: 20000.0ms)')>]>", "newDescription": "<TopologyDescription id: 687f064f701b317ae32757ab, topology_type: Unknown, servers: [<ServerDescription ('localhost', 27017) server_type: Unknown, rtt: None, error=AutoReconnect('localhost:27017: [Errno 111] Connection refused (configured timeouts: socketTimeoutMS: 20000.0ms, connectTimeoutMS: 20000.0ms)')>]>"}
2025-07-22 03:34:01,577 - pymongo.topology - DEBUG - {"message": "Server heartbeat failed", "topologyId": {"$oid": "687f064a701b317ae32757aa"}, "serverHost": "localhost", "serverPort": 27017, "awaited": false, "durationMS": 0.37896702997386456, "failure": "\"AutoReconnect('localhost:27017: [Errno 111] Connection refused (configured timeouts: socketTimeoutMS: 20000.0ms, connectTimeoutMS: 20000.0ms)')\""}
2025-07-22 03:34:01,577 - pymongo.topology - DEBUG - {"message": "Topology description changed", "topologyId": {"$oid": "687f064a701b317ae32757aa"}, "previousDescription": "<TopologyDescription id: 687f064a701b317ae32757aa, topology_type: Unknown, servers: [<ServerDescription ('localhost', 27017) server_type: Unknown, rtt: None, error=AutoReconnect('localhost:27017: [Errno 111] Connection refused (configured timeouts: socketTimeoutMS: 20000.0ms, connectTimeoutMS: 20000.0ms)')>]>", "newDescription": "<TopologyDescription id: 687f064a701b317ae32757aa, topology_type: Unknown, servers: [<ServerDescription ('localhost', 27017) server_type: Unknown, rtt: None, error=AutoReconnect('localhost:27017: [Errno 111] Connection refused (configured timeouts: socketTimeoutMS: 20000.0ms, connectTimeoutMS: 20000.0ms)')>]>"}
2025-07-22 03:34:06,587 - pymongo.topology - DEBUG - {"message": "Server heartbeat failed", "topologyId": {"$oid": "687f064f701b317ae32757ab"}, "serverHost": "localhost", "serverPort": 27017, "awaited": false, "durationMS": 0.3811529604718089, "failure": "\"AutoReconnect('localhost:27017: [Errno 111] Connection refused (configured timeouts: socketTimeoutMS: 20000.0ms, connectTimeoutMS: 20000.0ms)')\""}
2025-07-22 03:34:06,587 - pymongo.topology - DEBUG - {"message": "Topology description changed", "topologyId": {"$oid": "687f064f701b317ae32757ab"}, "previousDescription": "<TopologyDescription id: 687f064f701b317ae32757ab, topology_type: Unknown, servers: [<ServerDescription ('localhost', 27017) server_type: Unknown, rtt: None, error=AutoReconnect('localhost:27017: [Errno 111] Connection refused (configured timeouts: socketTimeoutMS: 20000.0ms, connectTimeoutMS: 20000.0ms)')>]>", "newDescription": "<TopologyDescription id: 687f064f701b317ae32757ab, topology_type: Unknown, servers: [<ServerDescription ('localhost', 27017) server_type: Unknown, rtt: None, error=AutoReconnect('localhost:27017: [Errno 111] Connection refused (configured timeouts: socketTimeoutMS: 20000.0ms, connectTimeoutMS: 20000.0ms)')>]>"}
2025-07-22 03:34:11,580 - pymongo.topology - DEBUG - {"message": "Server heartbeat failed", "topologyId": {"$oid": "687f064a701b317ae32757aa"}, "serverHost": "localhost", "serverPort": 27017, "awaited": false, "durationMS": 0.4649689653888345, "failure": "\"AutoReconnect('localhost:27017: [Errno 111] Connection refused (configured timeouts: socketTimeoutMS: 20000.0ms, connectTimeoutMS: 20000.0ms)')\""}
2025-07-22 03:34:11,580 - pymongo.topology - DEBUG - {"message": "Topology description changed", "topologyId": {"$oid": "687f064a701b317ae32757aa"}, "previousDescription": "<TopologyDescription id: 687f064a701b317ae32757aa, topology_type: Unknown, servers: [<ServerDescription ('localhost', 27017) server_type: Unknown, rtt: None, error=AutoReconnect('localhost:27017: [Errno 111] Connection refused (configured timeouts: socketTimeoutMS: 20000.0ms, connectTimeoutMS: 20000.0ms)')>]>", "newDescription": "<TopologyDescription id: 687f064a701b317ae32757aa, topology_type: Unknown, servers: [<ServerDescription ('localhost', 27017) server_type: Unknown, rtt: None, error=AutoReconnect('localhost:27017: [Errno 111] Connection refused (configured timeouts: socketTimeoutMS: 20000.0ms, connectTimeoutMS: 20000.0ms)')>]>"}
2025-07-22 03:34:16,590 - pymongo.topology - DEBUG - {"message": "Server heartbeat failed", "topologyId": {"$oid": "687f064f701b317ae32757ab"}, "serverHost": "localhost", "serverPort": 27017, "awaited": false, "durationMS": 0.39329699939116836, "failure": "\"AutoReconnect('localhost:27017: [Errno 111] Connection refused (configured timeouts: socketTimeoutMS: 20000.0ms, connectTimeoutMS: 20000.0ms)')\""}
2025-07-22 03:34:16,590 - pymongo.topology - DEBUG - {"message": "Topology description changed", "topologyId": {"$oid": "687f064f701b317ae32757ab"}, "previousDescription": "<TopologyDescription id: 687f064f701b317ae32757ab, topology_type: Unknown, servers: [<ServerDescription ('localhost', 27017) server_type: Unknown, rtt: None, error=AutoReconnect('localhost:27017: [Errno 111] Connection refused (configured timeouts: socketTimeoutMS: 20000.0ms, connectTimeoutMS: 20000.0ms)')>]>", "newDescription": "<TopologyDescription id: 687f064f701b317ae32757ab, topology_type: Unknown, servers: [<ServerDescription ('localhost', 27017) server_type: Unknown, rtt: None, error=AutoReconnect('localhost:27017: [Errno 111] Connection refused (configured timeouts: socketTimeoutMS: 20000.0ms, connectTimeoutMS: 20000.0ms)')>]>"}
2025-07-22 03:34:21,583 - pymongo.topology - DEBUG - {"message": "Server heartbeat failed", "topologyId": {"$oid": "687f064a701b317ae32757aa"}, "serverHost": "localhost", "serverPort": 27017, "awaited": false, "durationMS": 0.36284804809838533, "failure": "\"AutoReconnect('localhost:27017: [Errno 111] Connection refused (configured timeouts: socketTimeoutMS: 20000.0ms, connectTimeoutMS: 20000.0ms)')\""}
2025-07-22 03:34:21,583 - pymongo.topology - DEBUG - {"message": "Topology description changed", "topologyId": {"$oid": "687f064a701b317ae32757aa"}, "previousDescription": "<TopologyDescription id: 687f064a701b317ae32757aa, topology_type: Unknown, servers: [<ServerDescription ('localhost', 27017) server_type: Unknown, rtt: None, error=AutoReconnect('localhost:27017: [Errno 111] Connection refused (configured timeouts: socketTimeoutMS: 20000.0ms, connectTimeoutMS: 20000.0ms)')>]>", "newDescription": "<TopologyDescription id: 687f064a701b317ae32757aa, topology_type: Unknown, servers: [<ServerDescription ('localhost', 27017) server_type: Unknown, rtt: None, error=AutoReconnect('localhost:27017: [Errno 111] Connection refused (configured timeouts: socketTimeoutMS: 20000.0ms, connectTimeoutMS: 20000.0ms)')>]>"}
2025-07-22 03:34:26,593 - pymongo.topology - DEBUG - {"message": "Server heartbeat failed", "topologyId": {"$oid": "687f064f701b317ae32757ab"}, "serverHost": "localhost", "serverPort": 27017, "awaited": false, "durationMS": 0.34078798489645123, "failure": "\"AutoReconnect('localhost:27017: [Errno 111] Connection refused (configured timeouts: socketTimeoutMS: 20000.0ms, connectTimeoutMS: 20000.0ms)')\""}
2025-07-22 03:34:26,593 - pymongo.topology - DEBUG - {"message": "Topology description changed", "topologyId": {"$oid": "687f064f701b317ae32757ab"}, "previousDescription": "<TopologyDescription id: 687f064f701b317ae32757ab, topology_type: Unknown, servers: [<ServerDescription ('localhost', 27017) server_type: Unknown, rtt: None, error=AutoReconnect('localhost:27017: [Errno 111] Connection refused (configured timeouts: socketTimeoutMS: 20000.0ms, connectTimeoutMS: 20000.0ms)')>]>", "newDescription": "<TopologyDescription id: 687f064f701b317ae32757ab, topology_type: Unknown, servers: [<ServerDescription ('localhost', 27017) server_type: Unknown, rtt: None, error=AutoReconnect('localhost:27017: [Errno 111] Connection refused (configured timeouts: socketTimeoutMS: 20000.0ms, connectTimeoutMS: 20000.0ms)')>]>"}
2025-07-22 03:34:31,586 - pymongo.topology - DEBUG - {"message": "Server heartbeat failed", "topologyId": {"$oid": "687f064a701b317ae32757aa"}, "serverHost": "localhost", "serverPort": 27017, "awaited": false, "durationMS": 0.37352798972278833, "failure": "\"AutoReconnect('localhost:27017: [Errno 111] Connection refused (configured timeouts: socketTimeoutMS: 20000.0ms, connectTimeoutMS: 20000.0ms)')\""}
2025-07-22 03:34:31,586 - pymongo.topology - DEBUG - {"message": "Topology description changed", "topologyId": {"$oid": "687f064a701b317ae32757aa"}, "previousDescription": "<TopologyDescription id: 687f064a701b317ae32757aa, topology_type: Unknown, servers: [<ServerDescription ('localhost', 27017) server_type: Unknown, rtt: None, error=AutoReconnect('localhost:27017: [Errno 111] Connection refused (configured timeouts: socketTimeoutMS: 20000.0ms, connectTimeoutMS: 20000.0ms)')>]>", "newDescription": "<TopologyDescription id: 687f064a701b317ae32757aa, topology_type: Unknown, servers: [<ServerDescription ('localhost', 27017) server_type: Unknown, rtt: None, error=AutoReconnect('localhost:27017: [Errno 111] Connection refused (configured timeouts: socketTimeoutMS: 20000.0ms, connectTimeoutMS: 20000.0ms)')>]>"}
2025-07-22 03:34:36,596 - pymongo.topology - DEBUG - {"message": "Server heartbeat failed", "topologyId": {"$oid": "687f064f701b317ae32757ab"}, "serverHost": "localhost", "serverPort": 27017, "awaited": false, "durationMS": 0.38110296009108424, "failure": "\"AutoReconnect('localhost:27017: [Errno 111] Connection refused (configured timeouts: socketTimeoutMS: 20000.0ms, connectTimeoutMS: 20000.0ms)')\""}
2025-07-22 03:34:36,596 - pymongo.topology - DEBUG - {"message": "Topology description changed", "topologyId": {"$oid": "687f064f701b317ae32757ab"}, "previousDescription": "<TopologyDescription id: 687f064f701b317ae32757ab, topology_type: Unknown, servers: [<ServerDescription ('localhost', 27017) server_type: Unknown, rtt: None, error=AutoReconnect('localhost:27017: [Errno 111] Connection refused (configured timeouts: socketTimeoutMS: 20000.0ms, connectTimeoutMS: 20000.0ms)')>]>", "newDescription": "<TopologyDescription id: 687f064f701b317ae32757ab, topology_type: Unknown, servers: [<ServerDescription ('localhost', 27017) server_type: Unknown, rtt: None, error=AutoReconnect('localhost:27017: [Errno 111] Connection refused (configured timeouts: socketTimeoutMS: 20000.0ms, connectTimeoutMS: 20000.0ms)')>]>"}
2025-07-22 03:34:41,589 - pymongo.topology - DEBUG - {"message": "Server heartbeat failed", "topologyId": {"$oid": "687f064a701b317ae32757aa"}, "serverHost": "localhost", "serverPort": 27017, "awaited": false, "durationMS": 0.44848298421129584, "failure": "\"AutoReconnect('localhost:27017: [Errno 111] Connection refused (configured timeouts: socketTimeoutMS: 20000.0ms, connectTimeoutMS: 20000.0ms)')\""}
2025-07-22 03:34:41,589 - pymongo.topology - DEBUG - {"message": "Topology description changed", "topologyId": {"$oid": "687f064a701b317ae32757aa"}, "previousDescription": "<TopologyDescription id: 687f064a701b317ae32757aa, topology_type: Unknown, servers: [<ServerDescription ('localhost', 27017) server_type: Unknown, rtt: None, error=AutoReconnect('localhost:27017: [Errno 111] Connection refused (configured timeouts: socketTimeoutMS: 20000.0ms, connectTimeoutMS: 20000.0ms)')>]>", "newDescription": "<TopologyDescription id: 687f064a701b317ae32757aa, topology_type: Unknown, servers: [<ServerDescription ('localhost', 27017) server_type: Unknown, rtt: None, error=AutoReconnect('localhost:27017: [Errno 111] Connection refused (configured timeouts: socketTimeoutMS: 20000.0ms, connectTimeoutMS: 20000.0ms)')>]>"}
2025-07-22 03:34:46,599 - pymongo.topology - DEBUG - {"message": "Server heartbeat failed", "topologyId": {"$oid": "687f064f701b317ae32757ab"}, "serverHost": "localhost", "serverPort": 27017, "awaited": false, "durationMS": 0.3205719985999167, "failure": "\"AutoReconnect('localhost:27017: [Errno 111] Connection refused (configured timeouts: socketTimeoutMS: 20000.0ms, connectTimeoutMS: 20000.0ms)')\""}
2025-07-22 03:34:46,599 - pymongo.topology - DEBUG - {"message": "Topology description changed", "topologyId": {"$oid": "687f064f701b317ae32757ab"}, "previousDescription": "<TopologyDescription id: 687f064f701b317ae32757ab, topology_type: Unknown, servers: [<ServerDescription ('localhost', 27017) server_type: Unknown, rtt: None, error=AutoReconnect('localhost:27017: [Errno 111] Connection refused (configured timeouts: socketTimeoutMS: 20000.0ms, connectTimeoutMS: 20000.0ms)')>]>", "newDescription": "<TopologyDescription id: 687f064f701b317ae32757ab, topology_type: Unknown, servers: [<ServerDescription ('localhost', 27017) server_type: Unknown, rtt: None, error=AutoReconnect('localhost:27017: [Errno 111] Connection refused (configured timeouts: socketTimeoutMS: 20000.0ms, connectTimeoutMS: 20000.0ms)')>]>"}
2025-07-22 03:34:51,592 - pymongo.topology - DEBUG - {"message": "Server heartbeat failed", "topologyId": {"$oid": "687f064a701b317ae32757aa"}, "serverHost": "localhost", "serverPort": 27017, "awaited": false, "durationMS": 0.33618102315813303, "failure": "\"AutoReconnect('localhost:27017: [Errno 111] Connection refused (configured timeouts: socketTimeoutMS: 20000.0ms, connectTimeoutMS: 20000.0ms)')\""}
2025-07-22 03:34:51,592 - pymongo.topology - DEBUG - {"message": "Topology description changed", "topologyId": {"$oid": "687f064a701b317ae32757aa"}, "previousDescription": "<TopologyDescription id: 687f064a701b317ae32757aa, topology_type: Unknown, servers: [<ServerDescription ('localhost', 27017) server_type: Unknown, rtt: None, error=AutoReconnect('localhost:27017: [Errno 111] Connection refused (configured timeouts: socketTimeoutMS: 20000.0ms, connectTimeoutMS: 20000.0ms)')>]>", "newDescription": "<TopologyDescription id: 687f064a701b317ae32757aa, topology_type: Unknown, servers: [<ServerDescription ('localhost', 27017) server_type: Unknown, rtt: None, error=AutoReconnect('localhost:27017: [Errno 111] Connection refused (configured timeouts: socketTimeoutMS: 20000.0ms, connectTimeoutMS: 20000.0ms)')>]>"}
2025-07-22 03:34:56,602 - pymongo.topology - DEBUG - {"message": "Server heartbeat failed", "topologyId": {"$oid": "687f064f701b317ae32757ab"}, "serverHost": "localhost", "serverPort": 27017, "awaited": false, "durationMS": 0.3983260248787701, "failure": "\"AutoReconnect('localhost:27017: [Errno 111] Connection refused (configured timeouts: socketTimeoutMS: 20000.0ms, connectTimeoutMS: 20000.0ms)')\""}
2025-07-22 03:34:56,602 - pymongo.topology - DEBUG - {"message": "Topology description changed", "topologyId": {"$oid": "687f064f701b317ae32757ab"}, "previousDescription": "<TopologyDescription id: 687f064f701b317ae32757ab, topology_type: Unknown, servers: [<ServerDescription ('localhost', 27017) server_type: Unknown, rtt: None, error=AutoReconnect('localhost:27017: [Errno 111] Connection refused (configured timeouts: socketTimeoutMS: 20000.0ms, connectTimeoutMS: 20000.0ms)')>]>", "newDescription": "<TopologyDescription id: 687f064f701b317ae32757ab, topology_type: Unknown, servers: [<ServerDescription ('localhost', 27017) server_type: Unknown, rtt: None, error=AutoReconnect('localhost:27017: [Errno 111] Connection refused (configured timeouts: socketTimeoutMS: 20000.0ms, connectTimeoutMS: 20000.0ms)')>]>"}
2025-07-22 03:35:01,595 - pymongo.topology - DEBUG - {"message": "Server heartbeat failed", "topologyId": {"$oid": "687f064a701b317ae32757aa"}, "serverHost": "localhost", "serverPort": 27017, "awaited": false, "durationMS": 0.3882040036842227, "failure": "\"AutoReconnect('localhost:27017: [Errno 111] Connection refused (configured timeouts: socketTimeoutMS: 20000.0ms, connectTimeoutMS: 20000.0ms)')\""}
2025-07-22 03:35:01,595 - pymongo.topology - DEBUG - {"message": "Topology description changed", "topologyId": {"$oid": "687f064a701b317ae32757aa"}, "previousDescription": "<TopologyDescription id: 687f064a701b317ae32757aa, topology_type: Unknown, servers: [<ServerDescription ('localhost', 27017) server_type: Unknown, rtt: None, error=AutoReconnect('localhost:27017: [Errno 111] Connection refused (configured timeouts: socketTimeoutMS: 20000.0ms, connectTimeoutMS: 20000.0ms)')>]>", "newDescription": "<TopologyDescription id: 687f064a701b317ae32757aa, topology_type: Unknown, servers: [<ServerDescription ('localhost', 27017) server_type: Unknown, rtt: None, error=AutoReconnect('localhost:27017: [Errno 111] Connection refused (configured timeouts: socketTimeoutMS: 20000.0ms, connectTimeoutMS: 20000.0ms)')>]>"}
2025-07-22 03:35:06,605 - pymongo.topology - DEBUG - {"message": "Server heartbeat failed", "topologyId": {"$oid": "687f064f701b317ae32757ab"}, "serverHost": "localhost", "serverPort": 27017, "awaited": false, "durationMS": 0.37403899477794766, "failure": "\"AutoReconnect('localhost:27017: [Errno 111] Connection refused (configured timeouts: socketTimeoutMS: 20000.0ms, connectTimeoutMS: 20000.0ms)')\""}
2025-07-22 03:35:06,605 - pymongo.topology - DEBUG - {"message": "Topology description changed", "topologyId": {"$oid": "687f064f701b317ae32757ab"}, "previousDescription": "<TopologyDescription id: 687f064f701b317ae32757ab, topology_type: Unknown, servers: [<ServerDescription ('localhost', 27017) server_type: Unknown, rtt: None, error=AutoReconnect('localhost:27017: [Errno 111] Connection refused (configured timeouts: socketTimeoutMS: 20000.0ms, connectTimeoutMS: 20000.0ms)')>]>", "newDescription": "<TopologyDescription id: 687f064f701b317ae32757ab, topology_type: Unknown, servers: [<ServerDescription ('localhost', 27017) server_type: Unknown, rtt: None, error=AutoReconnect('localhost:27017: [Errno 111] Connection refused (configured timeouts: socketTimeoutMS: 20000.0ms, connectTimeoutMS: 20000.0ms)')>]>"}
2025-07-22 03:35:11,598 - pymongo.topology - DEBUG - {"message": "Server heartbeat failed", "topologyId": {"$oid": "687f064a701b317ae32757aa"}, "serverHost": "localhost", "serverPort": 27017, "awaited": false, "durationMS": 0.36140799056738615, "failure": "\"AutoReconnect('localhost:27017: [Errno 111] Connection refused (configured timeouts: socketTimeoutMS: 20000.0ms, connectTimeoutMS: 20000.0ms)')\""}
2025-07-22 03:35:11,598 - pymongo.topology - DEBUG - {"message": "Topology description changed", "topologyId": {"$oid": "687f064a701b317ae32757aa"}, "previousDescription": "<TopologyDescription id: 687f064a701b317ae32757aa, topology_type: Unknown, servers: [<ServerDescription ('localhost', 27017) server_type: Unknown, rtt: None, error=AutoReconnect('localhost:27017: [Errno 111] Connection refused (configured timeouts: socketTimeoutMS: 20000.0ms, connectTimeoutMS: 20000.0ms)')>]>", "newDescription": "<TopologyDescription id: 687f064a701b317ae32757aa, topology_type: Unknown, servers: [<ServerDescription ('localhost', 27017) server_type: Unknown, rtt: None, error=AutoReconnect('localhost:27017: [Errno 111] Connection refused (configured timeouts: socketTimeoutMS: 20000.0ms, connectTimeoutMS: 20000.0ms)')>]>"}
2025-07-22 03:35:16,607 - pymongo.topology - DEBUG - {"message": "Server heartbeat failed", "topologyId": {"$oid": "687f064f701b317ae32757ab"}, "serverHost": "localhost", "serverPort": 27017, "awaited": false, "durationMS": 0.38968800799921155, "failure": "\"AutoReconnect('localhost:27017: [Errno 111] Connection refused (configured timeouts: socketTimeoutMS: 20000.0ms, connectTimeoutMS: 20000.0ms)')\""}
2025-07-22 03:35:16,608 - pymongo.topology - DEBUG - {"message": "Topology description changed", "topologyId": {"$oid": "687f064f701b317ae32757ab"}, "previousDescription": "<TopologyDescription id: 687f064f701b317ae32757ab, topology_type: Unknown, servers: [<ServerDescription ('localhost', 27017) server_type: Unknown, rtt: None, error=AutoReconnect('localhost:27017: [Errno 111] Connection refused (configured timeouts: socketTimeoutMS: 20000.0ms, connectTimeoutMS: 20000.0ms)')>]>", "newDescription": "<TopologyDescription id: 687f064f701b317ae32757ab, topology_type: Unknown, servers: [<ServerDescription ('localhost', 27017) server_type: Unknown, rtt: None, error=AutoReconnect('localhost:27017: [Errno 111] Connection refused (configured timeouts: socketTimeoutMS: 20000.0ms, connectTimeoutMS: 20000.0ms)')>]>"}
2025-07-22 03:35:21,601 - pymongo.topology - DEBUG - {"message": "Server heartbeat failed", "topologyId": {"$oid": "687f064a701b317ae32757aa"}, "serverHost": "localhost", "serverPort": 27017, "awaited": false, "durationMS": 0.4522340022958815, "failure": "\"AutoReconnect('localhost:27017: [Errno 111] Connection refused (configured timeouts: socketTimeoutMS: 20000.0ms, connectTimeoutMS: 20000.0ms)')\""}
2025-07-22 03:35:21,601 - pymongo.topology - DEBUG - {"message": "Topology description changed", "topologyId": {"$oid": "687f064a701b317ae32757aa"}, "previousDescription": "<TopologyDescription id: 687f064a701b317ae32757aa, topology_type: Unknown, servers: [<ServerDescription ('localhost', 27017) server_type: Unknown, rtt: None, error=AutoReconnect('localhost:27017: [Errno 111] Connection refused (configured timeouts: socketTimeoutMS: 20000.0ms, connectTimeoutMS: 20000.0ms)')>]>", "newDescription": "<TopologyDescription id: 687f064a701b317ae32757aa, topology_type: Unknown, servers: [<ServerDescription ('localhost', 27017) server_type: Unknown, rtt: None, error=AutoReconnect('localhost:27017: [Errno 111] Connection refused (configured timeouts: socketTimeoutMS: 20000.0ms, connectTimeoutMS: 20000.0ms)')>]>"}
